mode: set
github.com/kcmvp/gob/boot/command.go:26.38,28.2 1 1
github.com/kcmvp/gob/boot/command.go:30.40,32.2 1 0
github.com/kcmvp/gob/boot/command.go:34.40,36.2 1 0
github.com/kcmvp/gob/boot/command.go:38.47,39.56 1 0
github.com/kcmvp/gob/boot/command.go:39.56,41.3 1 0
github.com/kcmvp/gob/boot/command.go:44.46,55.2 2 1
github.com/kcmvp/gob/boot/session.go:26.28,31.2 1 0
github.com/kcmvp/gob/boot/session.go:33.55,35.2 1 0
github.com/kcmvp/gob/boot/session.go:37.37,39.2 1 0
github.com/kcmvp/gob/boot/session.go:41.60,43.86 2 0
github.com/kcmvp/gob/boot/session.go:43.86,44.38 1 0
github.com/kcmvp/gob/boot/session.go:47.3,47.21 1 0
github.com/kcmvp/gob/boot/session.go:44.38,46.4 1 0
github.com/kcmvp/gob/boot/session.go:51.52,53.2 1 0
github.com/kcmvp/gob/boot/session.go:55.72,58.2 2 0
github.com/kcmvp/gob/boot/session.go:60.76,63.2 2 0
github.com/kcmvp/gob/boot/session.go:65.83,66.46 1 0
github.com/kcmvp/gob/boot/session.go:69.2,69.48 1 0
github.com/kcmvp/gob/boot/session.go:66.46,68.3 1 0
github.com/kcmvp/gob/boot/session.go:72.69,74.2 1 0
github.com/kcmvp/gob/boot/session.go:76.58,78.2 1 0
github.com/kcmvp/gob/boot/session.go:80.73,82.35 2 0
github.com/kcmvp/gob/boot/session.go:89.2,89.41 1 0
github.com/kcmvp/gob/boot/session.go:94.2,96.45 3 0
github.com/kcmvp/gob/boot/session.go:105.2,105.16 1 0
github.com/kcmvp/gob/boot/session.go:108.2,108.12 1 0
github.com/kcmvp/gob/boot/session.go:82.35,86.3 3 0
github.com/kcmvp/gob/boot/session.go:86.8,88.3 1 0
github.com/kcmvp/gob/boot/session.go:89.41,90.49 1 0
github.com/kcmvp/gob/boot/session.go:90.49,92.4 1 0
github.com/kcmvp/gob/boot/session.go:96.45,97.73 1 0
github.com/kcmvp/gob/boot/session.go:97.73,99.18 2 0
github.com/kcmvp/gob/boot/session.go:102.4,102.21 1 0
github.com/kcmvp/gob/boot/session.go:99.18,101.5 1 0
github.com/kcmvp/gob/boot/session.go:105.16,107.3 1 0
github.com/kcmvp/gob/boot/session.go:111.50,112.97 1 0
github.com/kcmvp/gob/boot/session.go:122.2,122.16 1 0
github.com/kcmvp/gob/boot/session.go:112.97,113.76 1 0
github.com/kcmvp/gob/boot/session.go:120.3,120.13 1 0
github.com/kcmvp/gob/boot/session.go:113.76,116.18 3 0
github.com/kcmvp/gob/boot/session.go:116.18,118.5 1 0
github.com/kcmvp/gob/boot/session.go:122.16,124.3 1 0
github.com/kcmvp/gob/boot/templ.go:14.87,16.11 2 0
github.com/kcmvp/gob/boot/templ.go:19.2,22.69 4 0
github.com/kcmvp/gob/boot/templ.go:36.2,36.12 1 0
github.com/kcmvp/gob/boot/templ.go:16.11,18.3 1 0
github.com/kcmvp/gob/boot/templ.go:22.69,24.64 2 0
github.com/kcmvp/gob/boot/templ.go:24.64,26.4 1 0
github.com/kcmvp/gob/boot/templ.go:26.9,27.44 1 0
github.com/kcmvp/gob/boot/templ.go:27.44,29.5 1 0
github.com/kcmvp/gob/boot/templ.go:31.8,31.50 1 0
github.com/kcmvp/gob/boot/templ.go:31.50,35.3 2 0
github.com/kcmvp/gob/builder/action.go:31.108,36.16 5 0
github.com/kcmvp/gob/builder/action.go:39.2,39.16 1 0
github.com/kcmvp/gob/builder/action.go:42.2,42.12 1 0
github.com/kcmvp/gob/builder/action.go:36.16,38.3 1 0
github.com/kcmvp/gob/builder/action.go:39.16,41.3 1 0
github.com/kcmvp/gob/builder/action.go:45.105,48.16 3 0
github.com/kcmvp/gob/builder/action.go:53.2,53.12 1 0
github.com/kcmvp/gob/builder/action.go:48.16,50.3 1 0
github.com/kcmvp/gob/builder/action.go:50.8,50.40 1 0
github.com/kcmvp/gob/builder/action.go:50.40,52.3 1 0
github.com/kcmvp/gob/builder/action.go:56.109,61.27 5 0
github.com/kcmvp/gob/builder/action.go:65.2,66.16 2 0
github.com/kcmvp/gob/builder/action.go:69.2,70.16 2 0
github.com/kcmvp/gob/builder/action.go:73.2,74.12 2 0
github.com/kcmvp/gob/builder/action.go:61.27,63.3 1 0
github.com/kcmvp/gob/builder/action.go:66.16,68.3 1 0
github.com/kcmvp/gob/builder/action.go:70.16,72.3 1 0
github.com/kcmvp/gob/builder/action.go:77.113,80.24 3 0
github.com/kcmvp/gob/builder/action.go:86.2,86.18 1 0
github.com/kcmvp/gob/builder/action.go:89.2,90.16 2 0
github.com/kcmvp/gob/builder/action.go:93.2,93.12 1 0
github.com/kcmvp/gob/builder/action.go:81.55,82.28 1 0
github.com/kcmvp/gob/builder/action.go:83.81,84.28 1 0
github.com/kcmvp/gob/builder/action.go:86.18,88.3 1 0
github.com/kcmvp/gob/builder/action.go:90.16,92.3 1 0
github.com/kcmvp/gob/builder/action.go:96.109,98.86 2 0
github.com/kcmvp/gob/builder/action.go:101.2,104.16 4 0
github.com/kcmvp/gob/builder/action.go:108.2,110.96 3 0
github.com/kcmvp/gob/builder/action.go:122.2,122.16 1 0
github.com/kcmvp/gob/builder/action.go:125.2,125.12 1 0
github.com/kcmvp/gob/builder/action.go:98.86,100.3 1 0
github.com/kcmvp/gob/builder/action.go:104.16,107.3 2 0
github.com/kcmvp/gob/builder/action.go:110.96,112.88 1 0
github.com/kcmvp/gob/builder/action.go:120.3,120.13 1 0
github.com/kcmvp/gob/builder/action.go:112.88,114.18 2 0
github.com/kcmvp/gob/builder/action.go:114.18,116.5 1 0
github.com/kcmvp/gob/builder/action.go:117.9,117.44 1 0
github.com/kcmvp/gob/builder/action.go:117.44,119.4 1 0
github.com/kcmvp/gob/builder/action.go:122.16,124.3 1 0
github.com/kcmvp/gob/builder/action.go:128.113,133.2 4 0
github.com/kcmvp/gob/builder/action.go:135.108,139.2 3 0
github.com/kcmvp/gob/builder/action.go:142.108,145.16 3 0
github.com/kcmvp/gob/builder/action.go:148.2,152.16 4 0
github.com/kcmvp/gob/builder/action.go:155.2,156.16 2 0
github.com/kcmvp/gob/builder/action.go:159.2,165.21 5 0
github.com/kcmvp/gob/builder/action.go:185.2,185.16 1 0
github.com/kcmvp/gob/builder/action.go:190.2,193.16 4 0
github.com/kcmvp/gob/builder/action.go:197.2,198.79 2 0
github.com/kcmvp/gob/builder/action.go:205.2,206.16 2 0
github.com/kcmvp/gob/builder/action.go:209.2,210.67 2 0
github.com/kcmvp/gob/builder/action.go:225.2,226.16 2 0
github.com/kcmvp/gob/builder/action.go:229.2,230.12 2 0
github.com/kcmvp/gob/builder/action.go:145.16,147.3 1 0
github.com/kcmvp/gob/builder/action.go:152.16,154.3 1 0
github.com/kcmvp/gob/builder/action.go:156.16,158.3 1 0
github.com/kcmvp/gob/builder/action.go:165.21,167.10 2 0
github.com/kcmvp/gob/builder/action.go:183.3,183.20 1 0
github.com/kcmvp/gob/builder/action.go:168.49,170.36 2 0
github.com/kcmvp/gob/builder/action.go:171.76,173.36 2 0
github.com/kcmvp/gob/builder/action.go:174.30,177.34 3 0
github.com/kcmvp/gob/builder/action.go:178.30,181.30 3 0
github.com/kcmvp/gob/builder/action.go:185.16,187.3 1 0
github.com/kcmvp/gob/builder/action.go:193.16,195.3 1 0
github.com/kcmvp/gob/builder/action.go:198.79,204.3 1 0
github.com/kcmvp/gob/builder/action.go:206.16,208.3 1 0
github.com/kcmvp/gob/builder/action.go:210.67,212.19 2 0
github.com/kcmvp/gob/builder/action.go:212.19,217.36 2 0
github.com/kcmvp/gob/builder/action.go:217.36,218.69 1 0
github.com/kcmvp/gob/builder/action.go:218.69,220.6 1 0
github.com/kcmvp/gob/builder/action.go:226.16,228.3 1 0
github.com/kcmvp/gob/builder/action.go:233.109,235.27 2 0
github.com/kcmvp/gob/builder/action.go:238.2,239.95 2 0
github.com/kcmvp/gob/builder/action.go:253.2,253.16 1 0
github.com/kcmvp/gob/builder/action.go:256.2,256.12 1 0
github.com/kcmvp/gob/builder/action.go:235.27,237.3 1 0
github.com/kcmvp/gob/builder/action.go:239.95,240.16 1 0
github.com/kcmvp/gob/builder/action.go:243.3,243.33 1 0
github.com/kcmvp/gob/builder/action.go:251.3,251.13 1 0
github.com/kcmvp/gob/builder/action.go:240.16,242.4 1 0
github.com/kcmvp/gob/builder/action.go:243.33,244.38 1 0
github.com/kcmvp/gob/builder/action.go:244.38,245.113 1 0
github.com/kcmvp/gob/builder/action.go:245.113,248.6 2 0
github.com/kcmvp/gob/builder/action.go:253.16,255.3 1 0
github.com/kcmvp/gob/builder/options.go:20.35,26.2 1 0
github.com/kcmvp/gob/cmd/setup_builder.go:17.54,20.3 2 0
github.com/kcmvp/gob/cmd/setup_builder.go:23.13,25.2 1 1
github.com/kcmvp/gob/cmd/setup_githook.go:17.54,20.3 2 0
github.com/kcmvp/gob/cmd/setup_githook.go:23.13,25.2 1 1
github.com/kcmvp/gob/main.go:8.13,10.2 1 0
github.com/kcmvp/gob/boot/project.go:48.52,50.2 1 0
github.com/kcmvp/gob/boot/project.go:52.62,54.2 1 0
github.com/kcmvp/gob/boot/project.go:56.54,58.2 1 0
github.com/kcmvp/gob/boot/project.go:60.49,63.2 2 0
github.com/kcmvp/gob/boot/project.go:65.51,67.2 1 0
github.com/kcmvp/gob/boot/project.go:69.51,71.2 1 0
github.com/kcmvp/gob/boot/project.go:73.49,75.2 1 0
github.com/kcmvp/gob/boot/project.go:77.47,81.18 4 0
github.com/kcmvp/gob/boot/project.go:84.2,96.11 12 0
github.com/kcmvp/gob/boot/project.go:129.2,136.16 2 0
github.com/kcmvp/gob/boot/project.go:81.18,83.3 1 0
github.com/kcmvp/gob/boot/project.go:96.11,98.52 2 0
github.com/kcmvp/gob/boot/project.go:101.3,101.13 1 0
github.com/kcmvp/gob/boot/project.go:98.52,100.4 1 0
github.com/kcmvp/gob/boot/project.go:101.13,104.37 2 0
github.com/kcmvp/gob/boot/project.go:115.4,115.22 1 0
github.com/kcmvp/gob/boot/project.go:119.4,119.62 1 0
github.com/kcmvp/gob/boot/project.go:122.4,122.10 1 0
github.com/kcmvp/gob/boot/project.go:104.37,105.75 1 0
github.com/kcmvp/gob/boot/project.go:105.75,106.67 1 0
github.com/kcmvp/gob/boot/project.go:109.6,110.56 2 0
github.com/kcmvp/gob/boot/project.go:106.67,108.7 1 0
github.com/kcmvp/gob/boot/project.go:111.11,113.6 1 0
github.com/kcmvp/gob/boot/project.go:115.22,117.5 1 0
github.com/kcmvp/gob/boot/project.go:119.62,121.5 1 0
github.com/kcmvp/gob/boot/project.go:122.10,124.10 2 0
github.com/kcmvp/gob/boot/project.go:139.54,143.51 4 0
github.com/kcmvp/gob/boot/project.go:149.2,149.20 1 0
github.com/kcmvp/gob/boot/project.go:143.51,145.56 1 0
github.com/kcmvp/gob/boot/project.go:145.56,147.4 1 0
github.com/kcmvp/gob/boot/project.go:152.62,155.16 3 0
github.com/kcmvp/gob/boot/project.go:155.16,157.3 1 0
github.com/kcmvp/gob/builder/builder.go:23.34,24.90 1 0
github.com/kcmvp/gob/builder/builder.go:24.90,26.3 1 0
github.com/kcmvp/gob/builder/builder.go:29.28,30.17 1 0
github.com/kcmvp/gob/builder/builder.go:36.2,36.17 1 0
github.com/kcmvp/gob/builder/builder.go:30.17,35.3 1 0
github.com/kcmvp/gob/builder/builder.go:39.52,53.2 1 0
github.com/kcmvp/gob/builder/linter.go:45.26,49.2 1 0
github.com/kcmvp/gob/builder/linter.go:51.56,55.16 4 0
github.com/kcmvp/gob/builder/linter.go:60.2,60.22 1 0
github.com/kcmvp/gob/builder/linter.go:55.16,57.3 1 0
github.com/kcmvp/gob/builder/linter.go:57.8,59.3 1 0
github.com/kcmvp/gob/builder/linter.go:64.97,66.18 2 0
github.com/kcmvp/gob/builder/linter.go:69.2,70.16 2 0
github.com/kcmvp/gob/builder/linter.go:73.2,76.17 4 0
github.com/kcmvp/gob/builder/linter.go:82.2,87.16 6 0
github.com/kcmvp/gob/builder/linter.go:90.2,91.16 2 0
github.com/kcmvp/gob/builder/linter.go:94.2,95.16 2 0
github.com/kcmvp/gob/builder/linter.go:99.2,102.16 4 0
github.com/kcmvp/gob/builder/linter.go:105.2,105.16 1 0
github.com/kcmvp/gob/builder/linter.go:115.2,118.16 4 0
github.com/kcmvp/gob/builder/linter.go:121.2,132.26 9 0
github.com/kcmvp/gob/builder/linter.go:143.2,144.16 2 0
github.com/kcmvp/gob/builder/linter.go:148.2,151.16 4 0
github.com/kcmvp/gob/builder/linter.go:154.2,155.16 2 0
github.com/kcmvp/gob/builder/linter.go:158.2,159.16 2 0
github.com/kcmvp/gob/builder/linter.go:168.2,168.12 1 0
github.com/kcmvp/gob/builder/linter.go:66.18,68.3 1 0
github.com/kcmvp/gob/builder/linter.go:70.16,72.3 1 0
github.com/kcmvp/gob/builder/linter.go:76.17,78.3 1 0
github.com/kcmvp/gob/builder/linter.go:78.8,81.3 1 0
github.com/kcmvp/gob/builder/linter.go:87.16,89.3 1 0
github.com/kcmvp/gob/builder/linter.go:91.16,93.3 1 0
github.com/kcmvp/gob/builder/linter.go:95.16,97.3 1 0
github.com/kcmvp/gob/builder/linter.go:102.16,104.3 1 0
github.com/kcmvp/gob/builder/linter.go:105.16,108.17 3 0
github.com/kcmvp/gob/builder/linter.go:111.3,111.23 1 0
github.com/kcmvp/gob/builder/linter.go:108.17,110.4 1 0
github.com/kcmvp/gob/builder/linter.go:118.16,120.3 1 0
github.com/kcmvp/gob/builder/linter.go:132.26,134.4 1 0
github.com/kcmvp/gob/builder/linter.go:135.42,137.24 2 0
github.com/kcmvp/gob/builder/linter.go:140.4,140.52 1 0
github.com/kcmvp/gob/builder/linter.go:137.24,139.5 1 0
github.com/kcmvp/gob/builder/linter.go:144.16,146.3 1 0
github.com/kcmvp/gob/builder/linter.go:151.16,153.3 1 0
github.com/kcmvp/gob/builder/linter.go:155.16,157.3 1 0
github.com/kcmvp/gob/builder/linter.go:159.16,162.18 3 0
github.com/kcmvp/gob/builder/linter.go:162.18,164.4 1 0
github.com/kcmvp/gob/builder/linter.go:165.8,167.3 1 0
github.com/kcmvp/gob/cmd/run.go:26.54,28.17 2 0
github.com/kcmvp/gob/cmd/run.go:31.3,31.13 1 0
github.com/kcmvp/gob/cmd/run.go:28.17,30.4 1 0
github.com/kcmvp/gob/cmd/run.go:33.54,42.3 8 0
github.com/kcmvp/gob/cmd/run.go:45.13,54.2 7 1
github.com/kcmvp/gob/cmd/setup.go:14.48,15.3 0 0
github.com/kcmvp/gob/cmd/setup.go:18.13,20.2 1 1
github.com/kcmvp/gob/builder/githook.go:21.51,24.49 3 0
github.com/kcmvp/gob/builder/githook.go:27.2,27.30 1 0
github.com/kcmvp/gob/builder/githook.go:44.2,44.12 1 0
github.com/kcmvp/gob/builder/githook.go:24.49,26.3 1 0
github.com/kcmvp/gob/builder/githook.go:27.30,31.40 3 0
github.com/kcmvp/gob/builder/githook.go:38.3,38.89 1 0
github.com/kcmvp/gob/builder/githook.go:31.40,32.104 1 0
github.com/kcmvp/gob/builder/githook.go:32.104,34.5 1 0
github.com/kcmvp/gob/builder/githook.go:34.10,36.5 1 0
github.com/kcmvp/gob/builder/githook.go:38.89,40.4 1 0
github.com/kcmvp/gob/builder/githook.go:40.9,42.4 1 0
github.com/kcmvp/gob/builder/githook.go:47.51,51.16 4 0
github.com/kcmvp/gob/builder/githook.go:56.2,56.12 1 0
github.com/kcmvp/gob/builder/githook.go:51.16,53.3 1 0
github.com/kcmvp/gob/builder/githook.go:53.8,53.40 1 0
github.com/kcmvp/gob/builder/githook.go:53.40,55.3 1 0
github.com/kcmvp/gob/builder/githook.go:85.60,90.47 5 0
github.com/kcmvp/gob/builder/githook.go:90.47,92.3 1 0
github.com/kcmvp/gob/builder/lint_data.go:21.110,24.16 3 0
github.com/kcmvp/gob/builder/lint_data.go:27.2,28.16 2 0
github.com/kcmvp/gob/builder/lint_data.go:31.2,36.80 5 0
github.com/kcmvp/gob/builder/lint_data.go:52.2,53.30 2 0
github.com/kcmvp/gob/builder/lint_data.go:57.2,59.46 3 0
github.com/kcmvp/gob/builder/lint_data.go:92.2,93.12 2 0
github.com/kcmvp/gob/builder/lint_data.go:24.16,26.3 1 0
github.com/kcmvp/gob/builder/lint_data.go:28.16,30.3 1 0
github.com/kcmvp/gob/builder/lint_data.go:36.80,42.22 6 0
github.com/kcmvp/gob/builder/lint_data.go:45.3,49.4 1 0
github.com/kcmvp/gob/builder/lint_data.go:42.22,44.4 1 0
github.com/kcmvp/gob/builder/lint_data.go:53.30,55.3 1 0
github.com/kcmvp/gob/builder/lint_data.go:59.46,61.59 2 0
github.com/kcmvp/gob/builder/lint_data.go:64.3,64.10 1 0
github.com/kcmvp/gob/builder/lint_data.go:71.3,74.82 2 0
github.com/kcmvp/gob/builder/lint_data.go:77.3,77.50 1 0
github.com/kcmvp/gob/builder/lint_data.go:61.59,63.4 1 0
github.com/kcmvp/gob/builder/lint_data.go:64.10,70.4 2 0
github.com/kcmvp/gob/builder/lint_data.go:74.82,76.4 1 0
github.com/kcmvp/gob/builder/lint_data.go:77.50,79.75 2 0
github.com/kcmvp/gob/builder/lint_data.go:82.4,82.11 1 0
github.com/kcmvp/gob/builder/lint_data.go:89.4,89.33 1 0
github.com/kcmvp/gob/builder/lint_data.go:79.75,81.5 1 0
github.com/kcmvp/gob/builder/lint_data.go:82.11,88.5 2 0
github.com/kcmvp/gob/builder/lint_data.go:96.93,98.19 2 0
github.com/kcmvp/gob/builder/lint_data.go:112.2,113.27 2 0
github.com/kcmvp/gob/builder/lint_data.go:126.2,126.17 1 0
github.com/kcmvp/gob/builder/lint_data.go:99.11,100.78 1 0
github.com/kcmvp/gob/builder/lint_data.go:103.12,104.78 1 0
github.com/kcmvp/gob/builder/lint_data.go:107.10,110.4 1 0
github.com/kcmvp/gob/builder/lint_data.go:100.78,102.4 1 0
github.com/kcmvp/gob/builder/lint_data.go:104.78,106.4 1 0
github.com/kcmvp/gob/builder/lint_data.go:113.27,118.81 2 0
github.com/kcmvp/gob/builder/lint_data.go:121.3,121.37 1 0
github.com/kcmvp/gob/builder/lint_data.go:124.3,124.22 1 0
github.com/kcmvp/gob/builder/lint_data.go:118.81,120.4 1 0
github.com/kcmvp/gob/builder/lint_data.go:121.37,123.4 1 0
github.com/kcmvp/gob/builder/report.go:37.69,39.16 2 0
github.com/kcmvp/gob/builder/report.go:42.2,43.16 2 0
github.com/kcmvp/gob/builder/report.go:46.2,46.12 1 0
github.com/kcmvp/gob/builder/report.go:39.16,41.3 1 0
github.com/kcmvp/gob/builder/report.go:43.16,45.3 1 0
github.com/kcmvp/gob/cmd/root.go:26.67,28.17 2 0
github.com/kcmvp/gob/cmd/root.go:31.3,31.13 1 0
github.com/kcmvp/gob/cmd/root.go:28.17,30.4 1 0
github.com/kcmvp/gob/cmd/root.go:37.16,39.52 2 0
github.com/kcmvp/gob/cmd/root.go:39.52,41.3 1 0
github.com/kcmvp/gob/cmd/root.go:44.13,46.2 1 1
github.com/kcmvp/gob/cmd/setup_linter.go:18.54,22.3 3 0
github.com/kcmvp/gob/cmd/setup_linter.go:25.13,28.2 2 1
github.com/kcmvp/gob/boot/installer.go:38.42,40.2 1 0
github.com/kcmvp/gob/boot/installer.go:42.49,44.2 1 0
github.com/kcmvp/gob/boot/installer.go:46.60,48.2 1 0
github.com/kcmvp/gob/boot/installer.go:50.36,52.2 1 0
github.com/kcmvp/gob/boot/installer.go:56.76,63.2 1 0
github.com/kcmvp/gob/boot/installer.go:65.43,68.15 3 0
github.com/kcmvp/gob/boot/installer.go:71.2,71.96 1 0
github.com/kcmvp/gob/boot/installer.go:79.2,79.16 1 0
github.com/kcmvp/gob/boot/installer.go:82.2,82.64 1 0
github.com/kcmvp/gob/boot/installer.go:86.2,86.56 1 0
github.com/kcmvp/gob/boot/installer.go:89.2,89.19 1 0
github.com/kcmvp/gob/boot/installer.go:92.2,92.17 1 0
github.com/kcmvp/gob/boot/installer.go:68.15,70.3 1 0
github.com/kcmvp/gob/boot/installer.go:71.96,72.71 1 0
github.com/kcmvp/gob/boot/installer.go:77.3,77.13 1 0
github.com/kcmvp/gob/boot/installer.go:72.71,76.4 3 0
github.com/kcmvp/gob/boot/installer.go:79.16,81.3 1 0
github.com/kcmvp/gob/boot/installer.go:82.64,84.3 1 0
github.com/kcmvp/gob/boot/installer.go:86.56,88.3 1 0
github.com/kcmvp/gob/boot/installer.go:89.19,91.3 1 0
github.com/kcmvp/gob/boot/installer.go:95.59,99.24 4 0
github.com/kcmvp/gob/boot/installer.go:104.2,108.16 5 0
github.com/kcmvp/gob/boot/installer.go:120.2,120.17 1 0
github.com/kcmvp/gob/boot/installer.go:99.24,100.15 1 0
github.com/kcmvp/gob/boot/installer.go:100.15,102.4 1 0
github.com/kcmvp/gob/boot/installer.go:108.16,112.3 3 0
github.com/kcmvp/gob/boot/installer.go:112.8,118.3 5 0
github.com/kcmvp/gob/boot/installer.go:123.52,126.70 3 0
github.com/kcmvp/gob/boot/installer.go:129.2,130.37 2 0
github.com/kcmvp/gob/boot/installer.go:133.2,133.128 1 0
github.com/kcmvp/gob/boot/installer.go:126.70,128.3 1 0
github.com/kcmvp/gob/boot/installer.go:130.37,132.3 1 0
github.com/kcmvp/gob/boot/installer.go:133.128,134.42 1 0
github.com/kcmvp/gob/boot/installer.go:134.42,135.42 1 0
github.com/kcmvp/gob/boot/installer.go:135.42,137.5 1 0
github.com/kcmvp/gob/boot/installer.go:139.8,139.41 1 0
github.com/kcmvp/gob/boot/installer.go:139.41,141.3 1 0
github.com/kcmvp/gob/boot/project.go:48.52,50.2 1 0
github.com/kcmvp/gob/boot/project.go:52.62,54.2 1 1
github.com/kcmvp/gob/boot/project.go:56.54,58.2 1 1
github.com/kcmvp/gob/boot/project.go:60.49,63.2 2 1
github.com/kcmvp/gob/boot/project.go:65.51,67.2 1 1
github.com/kcmvp/gob/boot/project.go:69.51,71.2 1 1
github.com/kcmvp/gob/boot/project.go:73.49,75.2 1 1
github.com/kcmvp/gob/boot/project.go:77.47,81.18 4 1
github.com/kcmvp/gob/boot/project.go:84.2,96.11 12 1
github.com/kcmvp/gob/boot/project.go:129.2,136.16 2 1
github.com/kcmvp/gob/boot/project.go:81.18,83.3 1 0
github.com/kcmvp/gob/boot/project.go:96.11,98.52 2 1
github.com/kcmvp/gob/boot/project.go:101.3,101.13 1 1
github.com/kcmvp/gob/boot/project.go:98.52,100.4 1 1
github.com/kcmvp/gob/boot/project.go:101.13,104.37 2 1
github.com/kcmvp/gob/boot/project.go:115.4,115.22 1 1
github.com/kcmvp/gob/boot/project.go:119.4,119.62 1 1
github.com/kcmvp/gob/boot/project.go:122.4,122.10 1 1
github.com/kcmvp/gob/boot/project.go:104.37,105.75 1 1
github.com/kcmvp/gob/boot/project.go:105.75,106.67 1 1
github.com/kcmvp/gob/boot/project.go:109.6,110.56 2 1
github.com/kcmvp/gob/boot/project.go:106.67,108.7 1 0
github.com/kcmvp/gob/boot/project.go:111.11,113.6 1 1
github.com/kcmvp/gob/boot/project.go:115.22,117.5 1 0
github.com/kcmvp/gob/boot/project.go:119.62,121.5 1 1
github.com/kcmvp/gob/boot/project.go:122.10,124.10 2 0
github.com/kcmvp/gob/boot/project.go:139.54,143.51 4 1
github.com/kcmvp/gob/boot/project.go:149.2,149.20 1 1
github.com/kcmvp/gob/boot/project.go:143.51,145.56 1 0
github.com/kcmvp/gob/boot/project.go:145.56,147.4 1 0
github.com/kcmvp/gob/boot/project.go:152.62,155.16 3 1
github.com/kcmvp/gob/boot/project.go:155.16,157.3 1 0
github.com/kcmvp/gob/builder/githook.go:21.51,24.49 3 1
github.com/kcmvp/gob/builder/githook.go:27.2,27.30 1 1
github.com/kcmvp/gob/builder/githook.go:44.2,44.12 1 1
github.com/kcmvp/gob/builder/githook.go:24.49,26.3 1 0
github.com/kcmvp/gob/builder/githook.go:27.30,31.40 3 1
github.com/kcmvp/gob/builder/githook.go:38.3,38.89 1 1
github.com/kcmvp/gob/builder/githook.go:31.40,32.104 1 0
github.com/kcmvp/gob/builder/githook.go:32.104,34.5 1 0
github.com/kcmvp/gob/builder/githook.go:34.10,36.5 1 0
github.com/kcmvp/gob/builder/githook.go:38.89,40.4 1 1
github.com/kcmvp/gob/builder/githook.go:40.9,42.4 1 0
github.com/kcmvp/gob/builder/githook.go:47.51,51.16 4 0
github.com/kcmvp/gob/builder/githook.go:56.2,56.12 1 0
github.com/kcmvp/gob/builder/githook.go:51.16,53.3 1 0
github.com/kcmvp/gob/builder/githook.go:53.8,53.40 1 0
github.com/kcmvp/gob/builder/githook.go:53.40,55.3 1 0
github.com/kcmvp/gob/builder/githook.go:85.60,90.47 5 0
github.com/kcmvp/gob/builder/githook.go:90.47,92.3 1 0
github.com/kcmvp/gob/builder/linter.go:45.26,49.2 1 1
github.com/kcmvp/gob/builder/linter.go:51.56,55.16 4 1
github.com/kcmvp/gob/builder/linter.go:60.2,60.22 1 1
github.com/kcmvp/gob/builder/linter.go:55.16,57.3 1 1
github.com/kcmvp/gob/builder/linter.go:57.8,59.3 1 0
github.com/kcmvp/gob/builder/linter.go:64.97,66.18 2 1
github.com/kcmvp/gob/builder/linter.go:69.2,70.16 2 1
github.com/kcmvp/gob/builder/linter.go:73.2,76.17 4 1
github.com/kcmvp/gob/builder/linter.go:82.2,87.16 6 1
github.com/kcmvp/gob/builder/linter.go:90.2,91.16 2 1
github.com/kcmvp/gob/builder/linter.go:94.2,95.16 2 1
github.com/kcmvp/gob/builder/linter.go:99.2,102.16 4 1
github.com/kcmvp/gob/builder/linter.go:105.2,105.16 1 1
github.com/kcmvp/gob/builder/linter.go:115.2,118.16 4 1
github.com/kcmvp/gob/builder/linter.go:121.2,132.26 9 1
github.com/kcmvp/gob/builder/linter.go:143.2,144.16 2 1
github.com/kcmvp/gob/builder/linter.go:148.2,151.16 4 1
github.com/kcmvp/gob/builder/linter.go:154.2,155.16 2 1
github.com/kcmvp/gob/builder/linter.go:158.2,159.16 2 1
github.com/kcmvp/gob/builder/linter.go:168.2,168.12 1 1
github.com/kcmvp/gob/builder/linter.go:66.18,68.3 1 0
github.com/kcmvp/gob/builder/linter.go:70.16,72.3 1 0
github.com/kcmvp/gob/builder/linter.go:76.17,78.3 1 0
github.com/kcmvp/gob/builder/linter.go:78.8,81.3 1 1
github.com/kcmvp/gob/builder/linter.go:87.16,89.3 1 0
github.com/kcmvp/gob/builder/linter.go:91.16,93.3 1 0
github.com/kcmvp/gob/builder/linter.go:95.16,97.3 1 0
github.com/kcmvp/gob/builder/linter.go:102.16,104.3 1 0
github.com/kcmvp/gob/builder/linter.go:105.16,108.17 3 1
github.com/kcmvp/gob/builder/linter.go:111.3,111.23 1 1
github.com/kcmvp/gob/builder/linter.go:108.17,110.4 1 0
github.com/kcmvp/gob/builder/linter.go:118.16,120.3 1 0
github.com/kcmvp/gob/builder/linter.go:132.26,134.4 1 1
github.com/kcmvp/gob/builder/linter.go:135.42,137.24 2 1
github.com/kcmvp/gob/builder/linter.go:140.4,140.52 1 1
github.com/kcmvp/gob/builder/linter.go:137.24,139.5 1 1
github.com/kcmvp/gob/builder/linter.go:144.16,146.3 1 0
github.com/kcmvp/gob/builder/linter.go:151.16,153.3 1 0
github.com/kcmvp/gob/builder/linter.go:155.16,157.3 1 0
github.com/kcmvp/gob/builder/linter.go:159.16,162.18 3 1
github.com/kcmvp/gob/builder/linter.go:162.18,164.4 1 0
github.com/kcmvp/gob/builder/linter.go:165.8,167.3 1 0
github.com/kcmvp/gob/builder/report.go:37.69,39.16 2 0
github.com/kcmvp/gob/builder/report.go:42.2,43.16 2 0
github.com/kcmvp/gob/builder/report.go:46.2,46.12 1 0
github.com/kcmvp/gob/builder/report.go:39.16,41.3 1 0
github.com/kcmvp/gob/builder/report.go:43.16,45.3 1 0
github.com/kcmvp/gob/cmd/run.go:26.54,28.17 2 1
github.com/kcmvp/gob/cmd/run.go:31.3,31.13 1 1
github.com/kcmvp/gob/cmd/run.go:28.17,30.4 1 1
github.com/kcmvp/gob/cmd/run.go:33.54,42.3 8 1
github.com/kcmvp/gob/cmd/run.go:45.13,54.2 7 1
github.com/kcmvp/gob/boot/installer.go:38.42,40.2 1 1
github.com/kcmvp/gob/boot/installer.go:42.49,44.2 1 1
github.com/kcmvp/gob/boot/installer.go:46.60,48.2 1 0
github.com/kcmvp/gob/boot/installer.go:50.36,52.2 1 1
github.com/kcmvp/gob/boot/installer.go:56.76,63.2 1 1
github.com/kcmvp/gob/boot/installer.go:65.43,68.15 3 1
github.com/kcmvp/gob/boot/installer.go:71.2,71.96 1 1
github.com/kcmvp/gob/boot/installer.go:79.2,79.16 1 1
github.com/kcmvp/gob/boot/installer.go:82.2,82.64 1 1
github.com/kcmvp/gob/boot/installer.go:86.2,86.56 1 1
github.com/kcmvp/gob/boot/installer.go:89.2,89.19 1 1
github.com/kcmvp/gob/boot/installer.go:92.2,92.17 1 1
github.com/kcmvp/gob/boot/installer.go:68.15,70.3 1 0
github.com/kcmvp/gob/boot/installer.go:71.96,72.71 1 1
github.com/kcmvp/gob/boot/installer.go:77.3,77.13 1 1
github.com/kcmvp/gob/boot/installer.go:72.71,76.4 3 1
github.com/kcmvp/gob/boot/installer.go:79.16,81.3 1 0
github.com/kcmvp/gob/boot/installer.go:82.64,84.3 1 1
github.com/kcmvp/gob/boot/installer.go:86.56,88.3 1 1
github.com/kcmvp/gob/boot/installer.go:89.19,91.3 1 1
github.com/kcmvp/gob/boot/installer.go:95.59,99.24 4 1
github.com/kcmvp/gob/boot/installer.go:104.2,108.16 5 0
github.com/kcmvp/gob/boot/installer.go:120.2,120.17 1 0
github.com/kcmvp/gob/boot/installer.go:99.24,100.15 1 1
github.com/kcmvp/gob/boot/installer.go:100.15,102.4 1 1
github.com/kcmvp/gob/boot/installer.go:108.16,112.3 3 0
github.com/kcmvp/gob/boot/installer.go:112.8,118.3 5 0
github.com/kcmvp/gob/boot/installer.go:123.52,126.70 3 1
github.com/kcmvp/gob/boot/installer.go:129.2,130.37 2 1
github.com/kcmvp/gob/boot/installer.go:133.2,133.128 1 1
github.com/kcmvp/gob/boot/installer.go:126.70,128.3 1 1
github.com/kcmvp/gob/boot/installer.go:130.37,132.3 1 0
github.com/kcmvp/gob/boot/installer.go:133.128,134.42 1 0
github.com/kcmvp/gob/boot/installer.go:134.42,135.42 1 0
github.com/kcmvp/gob/boot/installer.go:135.42,137.5 1 0
github.com/kcmvp/gob/boot/installer.go:139.8,139.41 1 1
github.com/kcmvp/gob/boot/installer.go:139.41,141.3 1 0
github.com/kcmvp/gob/boot/session.go:26.28,31.2 1 1
github.com/kcmvp/gob/boot/session.go:33.55,35.2 1 1
github.com/kcmvp/gob/boot/session.go:37.37,39.2 1 1
github.com/kcmvp/gob/boot/session.go:41.60,43.86 2 1
github.com/kcmvp/gob/boot/session.go:43.86,44.38 1 1
github.com/kcmvp/gob/boot/session.go:47.3,47.21 1 1
github.com/kcmvp/gob/boot/session.go:44.38,46.4 1 1
github.com/kcmvp/gob/boot/session.go:51.52,53.2 1 1
github.com/kcmvp/gob/boot/session.go:55.72,58.2 2 1
github.com/kcmvp/gob/boot/session.go:60.76,63.2 2 1
github.com/kcmvp/gob/boot/session.go:65.83,66.46 1 1
github.com/kcmvp/gob/boot/session.go:69.2,69.48 1 1
github.com/kcmvp/gob/boot/session.go:66.46,68.3 1 0
github.com/kcmvp/gob/boot/session.go:72.69,74.2 1 1
github.com/kcmvp/gob/boot/session.go:76.58,78.2 1 1
github.com/kcmvp/gob/boot/session.go:80.73,82.35 2 1
github.com/kcmvp/gob/boot/session.go:89.2,89.41 1 1
github.com/kcmvp/gob/boot/session.go:94.2,96.45 3 1
github.com/kcmvp/gob/boot/session.go:105.2,105.16 1 1
github.com/kcmvp/gob/boot/session.go:108.2,108.12 1 1
github.com/kcmvp/gob/boot/session.go:82.35,86.3 3 0
github.com/kcmvp/gob/boot/session.go:86.8,88.3 1 1
github.com/kcmvp/gob/boot/session.go:89.41,90.49 1 1
github.com/kcmvp/gob/boot/session.go:90.49,92.4 1 0
github.com/kcmvp/gob/boot/session.go:96.45,97.73 1 1
github.com/kcmvp/gob/boot/session.go:97.73,99.18 2 1
github.com/kcmvp/gob/boot/session.go:102.4,102.21 1 1
github.com/kcmvp/gob/boot/session.go:99.18,101.5 1 0
github.com/kcmvp/gob/boot/session.go:105.16,107.3 1 1
github.com/kcmvp/gob/boot/session.go:111.50,112.97 1 1
github.com/kcmvp/gob/boot/session.go:122.2,122.16 1 1
github.com/kcmvp/gob/boot/session.go:112.97,113.76 1 1
github.com/kcmvp/gob/boot/session.go:120.3,120.13 1 1
github.com/kcmvp/gob/boot/session.go:113.76,116.18 3 1
github.com/kcmvp/gob/boot/session.go:116.18,118.5 1 0
github.com/kcmvp/gob/boot/session.go:122.16,124.3 1 0
github.com/kcmvp/gob/cmd/setup_builder.go:17.54,20.3 2 1
github.com/kcmvp/gob/cmd/setup_builder.go:23.13,25.2 1 1
github.com/kcmvp/gob/cmd/setup_githook.go:17.54,20.3 2 1
github.com/kcmvp/gob/cmd/setup_githook.go:23.13,25.2 1 1
github.com/kcmvp/gob/boot/command.go:26.38,28.2 1 1
github.com/kcmvp/gob/boot/command.go:30.40,32.2 1 1
github.com/kcmvp/gob/boot/command.go:34.40,36.2 1 0
github.com/kcmvp/gob/boot/command.go:38.47,39.56 1 1
github.com/kcmvp/gob/boot/command.go:39.56,41.3 1 1
github.com/kcmvp/gob/boot/command.go:44.46,55.2 2 1
github.com/kcmvp/gob/builder/builder.go:23.34,24.90 1 1
github.com/kcmvp/gob/builder/builder.go:24.90,26.3 1 1
github.com/kcmvp/gob/builder/builder.go:29.28,30.17 1 1
github.com/kcmvp/gob/builder/builder.go:36.2,36.17 1 1
github.com/kcmvp/gob/builder/builder.go:30.17,35.3 1 1
github.com/kcmvp/gob/builder/builder.go:39.52,53.2 1 1
github.com/kcmvp/gob/builder/options.go:20.35,26.2 1 1
github.com/kcmvp/gob/main.go:8.13,10.2 1 0
github.com/kcmvp/gob/cmd/root.go:26.67,28.17 2 1
github.com/kcmvp/gob/cmd/root.go:31.3,31.13 1 1
github.com/kcmvp/gob/cmd/root.go:28.17,30.4 1 0
github.com/kcmvp/gob/cmd/root.go:37.16,39.52 2 0
github.com/kcmvp/gob/cmd/root.go:39.52,41.3 1 0
github.com/kcmvp/gob/cmd/root.go:44.13,46.2 1 1
github.com/kcmvp/gob/builder/action.go:31.108,36.16 5 1
github.com/kcmvp/gob/builder/action.go:39.2,39.16 1 1
github.com/kcmvp/gob/builder/action.go:42.2,42.12 1 1
github.com/kcmvp/gob/builder/action.go:36.16,38.3 1 1
github.com/kcmvp/gob/builder/action.go:39.16,41.3 1 0
github.com/kcmvp/gob/builder/action.go:45.105,48.16 3 1
github.com/kcmvp/gob/builder/action.go:53.2,53.12 1 1
github.com/kcmvp/gob/builder/action.go:48.16,50.3 1 0
github.com/kcmvp/gob/builder/action.go:50.8,50.40 1 1
github.com/kcmvp/gob/builder/action.go:50.40,52.3 1 1
github.com/kcmvp/gob/builder/action.go:56.109,61.27 5 1
github.com/kcmvp/gob/builder/action.go:65.2,66.16 2 1
github.com/kcmvp/gob/builder/action.go:69.2,70.16 2 1
github.com/kcmvp/gob/builder/action.go:73.2,74.12 2 1
github.com/kcmvp/gob/builder/action.go:61.27,63.3 1 0
github.com/kcmvp/gob/builder/action.go:66.16,68.3 1 0
github.com/kcmvp/gob/builder/action.go:70.16,72.3 1 0
github.com/kcmvp/gob/builder/action.go:77.113,80.24 3 1
github.com/kcmvp/gob/builder/action.go:86.2,86.18 1 1
github.com/kcmvp/gob/builder/action.go:89.2,90.16 2 1
github.com/kcmvp/gob/builder/action.go:93.2,93.12 1 1
github.com/kcmvp/gob/builder/action.go:81.55,82.28 1 1
github.com/kcmvp/gob/builder/action.go:83.81,84.28 1 1
github.com/kcmvp/gob/builder/action.go:86.18,88.3 1 1
github.com/kcmvp/gob/builder/action.go:90.16,92.3 1 0
github.com/kcmvp/gob/builder/action.go:96.109,98.86 2 0
github.com/kcmvp/gob/builder/action.go:101.2,104.16 4 0
github.com/kcmvp/gob/builder/action.go:108.2,110.96 3 0
github.com/kcmvp/gob/builder/action.go:122.2,122.16 1 0
github.com/kcmvp/gob/builder/action.go:125.2,125.12 1 0
github.com/kcmvp/gob/builder/action.go:98.86,100.3 1 0
github.com/kcmvp/gob/builder/action.go:104.16,107.3 2 0
github.com/kcmvp/gob/builder/action.go:110.96,112.88 1 0
github.com/kcmvp/gob/builder/action.go:120.3,120.13 1 0
github.com/kcmvp/gob/builder/action.go:112.88,114.18 2 0
github.com/kcmvp/gob/builder/action.go:114.18,116.5 1 0
github.com/kcmvp/gob/builder/action.go:117.9,117.44 1 0
github.com/kcmvp/gob/builder/action.go:117.44,119.4 1 0
github.com/kcmvp/gob/builder/action.go:122.16,124.3 1 0
github.com/kcmvp/gob/builder/action.go:128.113,133.2 4 0
github.com/kcmvp/gob/builder/action.go:135.108,139.2 3 1
github.com/kcmvp/gob/builder/action.go:142.108,145.16 3 0
github.com/kcmvp/gob/builder/action.go:148.2,152.16 4 0
github.com/kcmvp/gob/builder/action.go:155.2,156.16 2 0
github.com/kcmvp/gob/builder/action.go:159.2,165.21 5 0
github.com/kcmvp/gob/builder/action.go:185.2,185.16 1 0
github.com/kcmvp/gob/builder/action.go:190.2,193.16 4 0
github.com/kcmvp/gob/builder/action.go:197.2,198.79 2 0
github.com/kcmvp/gob/builder/action.go:205.2,206.16 2 0
github.com/kcmvp/gob/builder/action.go:209.2,210.67 2 0
github.com/kcmvp/gob/builder/action.go:225.2,226.16 2 0
github.com/kcmvp/gob/builder/action.go:229.2,230.12 2 0
github.com/kcmvp/gob/builder/action.go:145.16,147.3 1 0
github.com/kcmvp/gob/builder/action.go:152.16,154.3 1 0
github.com/kcmvp/gob/builder/action.go:156.16,158.3 1 0
github.com/kcmvp/gob/builder/action.go:165.21,167.10 2 0
github.com/kcmvp/gob/builder/action.go:183.3,183.20 1 0
github.com/kcmvp/gob/builder/action.go:168.49,170.36 2 0
github.com/kcmvp/gob/builder/action.go:171.76,173.36 2 0
github.com/kcmvp/gob/builder/action.go:174.30,177.34 3 0
github.com/kcmvp/gob/builder/action.go:178.30,181.30 3 0
github.com/kcmvp/gob/builder/action.go:185.16,187.3 1 0
github.com/kcmvp/gob/builder/action.go:193.16,195.3 1 0
github.com/kcmvp/gob/builder/action.go:198.79,204.3 1 0
github.com/kcmvp/gob/builder/action.go:206.16,208.3 1 0
github.com/kcmvp/gob/builder/action.go:210.67,212.19 2 0
github.com/kcmvp/gob/builder/action.go:212.19,217.36 2 0
github.com/kcmvp/gob/builder/action.go:217.36,218.69 1 0
github.com/kcmvp/gob/builder/action.go:218.69,220.6 1 0
github.com/kcmvp/gob/builder/action.go:226.16,228.3 1 0
github.com/kcmvp/gob/builder/action.go:233.109,235.27 2 0
github.com/kcmvp/gob/builder/action.go:238.2,239.95 2 0
github.com/kcmvp/gob/builder/action.go:253.2,253.16 1 0
github.com/kcmvp/gob/builder/action.go:256.2,256.12 1 0
github.com/kcmvp/gob/builder/action.go:235.27,237.3 1 0
github.com/kcmvp/gob/builder/action.go:239.95,240.16 1 0
github.com/kcmvp/gob/builder/action.go:243.3,243.33 1 0
github.com/kcmvp/gob/builder/action.go:251.3,251.13 1 0
github.com/kcmvp/gob/builder/action.go:240.16,242.4 1 0
github.com/kcmvp/gob/builder/action.go:243.33,244.38 1 0
github.com/kcmvp/gob/builder/action.go:244.38,245.113 1 0
github.com/kcmvp/gob/builder/action.go:245.113,248.6 2 0
github.com/kcmvp/gob/builder/action.go:253.16,255.3 1 0
github.com/kcmvp/gob/builder/lint_data.go:21.110,24.16 3 0
github.com/kcmvp/gob/builder/lint_data.go:27.2,28.16 2 0
github.com/kcmvp/gob/builder/lint_data.go:31.2,36.80 5 0
github.com/kcmvp/gob/builder/lint_data.go:52.2,53.30 2 0
github.com/kcmvp/gob/builder/lint_data.go:57.2,59.46 3 0
github.com/kcmvp/gob/builder/lint_data.go:92.2,93.12 2 0
github.com/kcmvp/gob/builder/lint_data.go:24.16,26.3 1 0
github.com/kcmvp/gob/builder/lint_data.go:28.16,30.3 1 0
github.com/kcmvp/gob/builder/lint_data.go:36.80,42.22 6 0
github.com/kcmvp/gob/builder/lint_data.go:45.3,49.4 1 0
github.com/kcmvp/gob/builder/lint_data.go:42.22,44.4 1 0
github.com/kcmvp/gob/builder/lint_data.go:53.30,55.3 1 0
github.com/kcmvp/gob/builder/lint_data.go:59.46,61.59 2 0
github.com/kcmvp/gob/builder/lint_data.go:64.3,64.10 1 0
github.com/kcmvp/gob/builder/lint_data.go:71.3,74.82 2 0
github.com/kcmvp/gob/builder/lint_data.go:77.3,77.50 1 0
github.com/kcmvp/gob/builder/lint_data.go:61.59,63.4 1 0
github.com/kcmvp/gob/builder/lint_data.go:64.10,70.4 2 0
github.com/kcmvp/gob/builder/lint_data.go:74.82,76.4 1 0
github.com/kcmvp/gob/builder/lint_data.go:77.50,79.75 2 0
github.com/kcmvp/gob/builder/lint_data.go:82.4,82.11 1 0
github.com/kcmvp/gob/builder/lint_data.go:89.4,89.33 1 0
github.com/kcmvp/gob/builder/lint_data.go:79.75,81.5 1 0
github.com/kcmvp/gob/builder/lint_data.go:82.11,88.5 2 0
github.com/kcmvp/gob/builder/lint_data.go:96.93,98.19 2 0
github.com/kcmvp/gob/builder/lint_data.go:112.2,113.27 2 0
github.com/kcmvp/gob/builder/lint_data.go:126.2,126.17 1 0
github.com/kcmvp/gob/builder/lint_data.go:99.11,100.78 1 0
github.com/kcmvp/gob/builder/lint_data.go:103.12,104.78 1 0
github.com/kcmvp/gob/builder/lint_data.go:107.10,110.4 1 0
github.com/kcmvp/gob/builder/lint_data.go:100.78,102.4 1 0
github.com/kcmvp/gob/builder/lint_data.go:104.78,106.4 1 0
github.com/kcmvp/gob/builder/lint_data.go:113.27,118.81 2 0
github.com/kcmvp/gob/builder/lint_data.go:121.3,121.37 1 0
github.com/kcmvp/gob/builder/lint_data.go:124.3,124.22 1 0
github.com/kcmvp/gob/builder/lint_data.go:118.81,120.4 1 0
github.com/kcmvp/gob/builder/lint_data.go:121.37,123.4 1 0
github.com/kcmvp/gob/cmd/setup.go:14.48,15.3 0 0
github.com/kcmvp/gob/cmd/setup.go:18.13,20.2 1 1
github.com/kcmvp/gob/cmd/setup_linter.go:18.54,22.3 3 1
github.com/kcmvp/gob/cmd/setup_linter.go:25.13,28.2 2 1
github.com/kcmvp/gob/boot/templ.go:14.87,16.11 2 1
github.com/kcmvp/gob/boot/templ.go:19.2,22.69 4 1
github.com/kcmvp/gob/boot/templ.go:36.2,36.12 1 1
github.com/kcmvp/gob/boot/templ.go:16.11,18.3 1 1
github.com/kcmvp/gob/boot/templ.go:22.69,24.64 2 1
github.com/kcmvp/gob/boot/templ.go:24.64,26.4 1 0
github.com/kcmvp/gob/boot/templ.go:26.9,27.44 1 1
github.com/kcmvp/gob/boot/templ.go:27.44,29.5 1 0
github.com/kcmvp/gob/boot/templ.go:31.8,31.50 1 1
github.com/kcmvp/gob/boot/templ.go:31.50,35.3 2 1
github.com/kcmvp/gob/boot/project.go:48.52,50.2 1 1
github.com/kcmvp/gob/boot/project.go:52.62,54.2 1 1
github.com/kcmvp/gob/boot/project.go:56.54,58.2 1 1
github.com/kcmvp/gob/boot/project.go:60.49,63.2 2 1
github.com/kcmvp/gob/boot/project.go:65.51,67.2 1 1
github.com/kcmvp/gob/boot/project.go:69.51,71.2 1 1
github.com/kcmvp/gob/boot/project.go:73.49,75.2 1 1
github.com/kcmvp/gob/boot/project.go:77.47,81.18 4 1
github.com/kcmvp/gob/boot/project.go:84.2,96.11 12 1
github.com/kcmvp/gob/boot/project.go:129.2,136.16 2 1
github.com/kcmvp/gob/boot/project.go:81.18,83.3 1 0
github.com/kcmvp/gob/boot/project.go:96.11,98.52 2 1
github.com/kcmvp/gob/boot/project.go:101.3,101.13 1 1
github.com/kcmvp/gob/boot/project.go:98.52,100.4 1 1
github.com/kcmvp/gob/boot/project.go:101.13,104.37 2 1
github.com/kcmvp/gob/boot/project.go:115.4,115.22 1 1
github.com/kcmvp/gob/boot/project.go:119.4,119.62 1 1
github.com/kcmvp/gob/boot/project.go:122.4,122.10 1 1
github.com/kcmvp/gob/boot/project.go:104.37,105.75 1 1
github.com/kcmvp/gob/boot/project.go:105.75,106.67 1 1
github.com/kcmvp/gob/boot/project.go:109.6,110.56 2 1
github.com/kcmvp/gob/boot/project.go:106.67,108.7 1 0
github.com/kcmvp/gob/boot/project.go:111.11,113.6 1 1
github.com/kcmvp/gob/boot/project.go:115.22,117.5 1 0
github.com/kcmvp/gob/boot/project.go:119.62,121.5 1 1
github.com/kcmvp/gob/boot/project.go:122.10,124.10 2 0
github.com/kcmvp/gob/boot/project.go:139.54,143.51 4 1
github.com/kcmvp/gob/boot/project.go:149.2,149.20 1 1
github.com/kcmvp/gob/boot/project.go:143.51,145.56 1 0
github.com/kcmvp/gob/boot/project.go:145.56,147.4 1 0
github.com/kcmvp/gob/boot/project.go:152.62,155.16 3 1
github.com/kcmvp/gob/boot/project.go:155.16,157.3 1 0
github.com/kcmvp/gob/boot/session.go:26.28,31.2 1 1
github.com/kcmvp/gob/boot/session.go:33.55,35.2 1 1
github.com/kcmvp/gob/boot/session.go:37.37,39.2 1 1
github.com/kcmvp/gob/boot/session.go:41.60,43.86 2 1
github.com/kcmvp/gob/boot/session.go:43.86,44.38 1 1
github.com/kcmvp/gob/boot/session.go:47.3,47.21 1 1
github.com/kcmvp/gob/boot/session.go:44.38,46.4 1 0
github.com/kcmvp/gob/boot/session.go:51.52,53.2 1 1
github.com/kcmvp/gob/boot/session.go:55.72,58.2 2 1
github.com/kcmvp/gob/boot/session.go:60.76,63.2 2 1
github.com/kcmvp/gob/boot/session.go:65.83,66.46 1 1
github.com/kcmvp/gob/boot/session.go:69.2,69.48 1 1
github.com/kcmvp/gob/boot/session.go:66.46,68.3 1 0
github.com/kcmvp/gob/boot/session.go:72.69,74.2 1 1
github.com/kcmvp/gob/boot/session.go:76.58,78.2 1 1
github.com/kcmvp/gob/boot/session.go:80.73,82.35 2 1
github.com/kcmvp/gob/boot/session.go:89.2,89.41 1 1
github.com/kcmvp/gob/boot/session.go:94.2,96.45 3 1
github.com/kcmvp/gob/boot/session.go:105.2,105.16 1 1
github.com/kcmvp/gob/boot/session.go:108.2,108.12 1 1
github.com/kcmvp/gob/boot/session.go:82.35,86.3 3 0
github.com/kcmvp/gob/boot/session.go:86.8,88.3 1 1
github.com/kcmvp/gob/boot/session.go:89.41,90.49 1 1
github.com/kcmvp/gob/boot/session.go:90.49,92.4 1 0
github.com/kcmvp/gob/boot/session.go:96.45,97.73 1 1
github.com/kcmvp/gob/boot/session.go:97.73,99.18 2 1
github.com/kcmvp/gob/boot/session.go:102.4,102.21 1 1
github.com/kcmvp/gob/boot/session.go:99.18,101.5 1 0
github.com/kcmvp/gob/boot/session.go:105.16,107.3 1 1
github.com/kcmvp/gob/boot/session.go:111.50,112.97 1 1
github.com/kcmvp/gob/boot/session.go:122.2,122.16 1 1
github.com/kcmvp/gob/boot/session.go:112.97,113.76 1 1
github.com/kcmvp/gob/boot/session.go:120.3,120.13 1 1
github.com/kcmvp/gob/boot/session.go:113.76,116.18 3 1
github.com/kcmvp/gob/boot/session.go:116.18,118.5 1 0
github.com/kcmvp/gob/boot/session.go:122.16,124.3 1 0
github.com/kcmvp/gob/cmd/setup_linter.go:18.54,22.3 3 0
github.com/kcmvp/gob/cmd/setup_linter.go:25.13,28.2 2 1
github.com/kcmvp/gob/builder/action.go:31.108,36.16 5 1
github.com/kcmvp/gob/builder/action.go:39.2,39.16 1 1
github.com/kcmvp/gob/builder/action.go:42.2,42.12 1 1
github.com/kcmvp/gob/builder/action.go:36.16,38.3 1 1
github.com/kcmvp/gob/builder/action.go:39.16,41.3 1 0
github.com/kcmvp/gob/builder/action.go:45.105,48.16 3 1
github.com/kcmvp/gob/builder/action.go:53.2,53.12 1 1
github.com/kcmvp/gob/builder/action.go:48.16,50.3 1 0
github.com/kcmvp/gob/builder/action.go:50.8,50.40 1 1
github.com/kcmvp/gob/builder/action.go:50.40,52.3 1 1
github.com/kcmvp/gob/builder/action.go:56.109,61.27 5 1
github.com/kcmvp/gob/builder/action.go:65.2,66.16 2 1
github.com/kcmvp/gob/builder/action.go:69.2,70.16 2 1
github.com/kcmvp/gob/builder/action.go:73.2,74.12 2 1
github.com/kcmvp/gob/builder/action.go:61.27,63.3 1 1
github.com/kcmvp/gob/builder/action.go:66.16,68.3 1 0
github.com/kcmvp/gob/builder/action.go:70.16,72.3 1 0
github.com/kcmvp/gob/builder/action.go:77.113,80.24 3 1
github.com/kcmvp/gob/builder/action.go:86.2,86.18 1 1
github.com/kcmvp/gob/builder/action.go:89.2,90.16 2 1
github.com/kcmvp/gob/builder/action.go:93.2,93.12 1 1
github.com/kcmvp/gob/builder/action.go:81.55,82.28 1 1
github.com/kcmvp/gob/builder/action.go:83.81,84.28 1 1
github.com/kcmvp/gob/builder/action.go:86.18,88.3 1 1
github.com/kcmvp/gob/builder/action.go:90.16,92.3 1 0
github.com/kcmvp/gob/builder/action.go:96.109,98.86 2 1
github.com/kcmvp/gob/builder/action.go:101.2,104.16 4 1
github.com/kcmvp/gob/builder/action.go:108.2,110.96 3 1
github.com/kcmvp/gob/builder/action.go:122.2,122.16 1 1
github.com/kcmvp/gob/builder/action.go:125.2,125.12 1 1
github.com/kcmvp/gob/builder/action.go:98.86,100.3 1 1
github.com/kcmvp/gob/builder/action.go:104.16,107.3 2 0
github.com/kcmvp/gob/builder/action.go:110.96,112.88 1 1
github.com/kcmvp/gob/builder/action.go:120.3,120.13 1 1
github.com/kcmvp/gob/builder/action.go:112.88,114.18 2 0
github.com/kcmvp/gob/builder/action.go:114.18,116.5 1 0
github.com/kcmvp/gob/builder/action.go:117.9,117.44 1 1
github.com/kcmvp/gob/builder/action.go:117.44,119.4 1 0
github.com/kcmvp/gob/builder/action.go:122.16,124.3 1 0
github.com/kcmvp/gob/builder/action.go:128.113,133.2 4 0
github.com/kcmvp/gob/builder/action.go:135.108,139.2 3 1
github.com/kcmvp/gob/builder/action.go:142.108,145.16 3 1
github.com/kcmvp/gob/builder/action.go:148.2,152.16 4 1
github.com/kcmvp/gob/builder/action.go:155.2,156.16 2 1
github.com/kcmvp/gob/builder/action.go:159.2,165.21 5 1
github.com/kcmvp/gob/builder/action.go:185.2,185.16 1 1
github.com/kcmvp/gob/builder/action.go:190.2,193.16 4 1
github.com/kcmvp/gob/builder/action.go:197.2,198.79 2 1
github.com/kcmvp/gob/builder/action.go:205.2,206.16 2 1
github.com/kcmvp/gob/builder/action.go:209.2,210.67 2 1
github.com/kcmvp/gob/builder/action.go:225.2,226.16 2 1
github.com/kcmvp/gob/builder/action.go:229.2,230.12 2 1
github.com/kcmvp/gob/builder/action.go:145.16,147.3 1 0
github.com/kcmvp/gob/builder/action.go:152.16,154.3 1 0
github.com/kcmvp/gob/builder/action.go:156.16,158.3 1 0
github.com/kcmvp/gob/builder/action.go:165.21,167.10 2 1
github.com/kcmvp/gob/builder/action.go:183.3,183.20 1 1
github.com/kcmvp/gob/builder/action.go:168.49,170.36 2 0
github.com/kcmvp/gob/builder/action.go:171.76,173.36 2 0
github.com/kcmvp/gob/builder/action.go:174.30,177.34 3 0
github.com/kcmvp/gob/builder/action.go:178.30,181.30 3 1
github.com/kcmvp/gob/builder/action.go:185.16,187.3 1 0
github.com/kcmvp/gob/builder/action.go:193.16,195.3 1 0
github.com/kcmvp/gob/builder/action.go:198.79,204.3 1 1
github.com/kcmvp/gob/builder/action.go:206.16,208.3 1 0
github.com/kcmvp/gob/builder/action.go:210.67,212.19 2 1
github.com/kcmvp/gob/builder/action.go:212.19,217.36 2 1
github.com/kcmvp/gob/builder/action.go:217.36,218.69 1 1
github.com/kcmvp/gob/builder/action.go:218.69,220.6 1 0
github.com/kcmvp/gob/builder/action.go:226.16,228.3 1 0
github.com/kcmvp/gob/builder/action.go:233.109,235.27 2 0
github.com/kcmvp/gob/builder/action.go:238.2,239.95 2 0
github.com/kcmvp/gob/builder/action.go:253.2,253.16 1 0
github.com/kcmvp/gob/builder/action.go:256.2,256.12 1 0
github.com/kcmvp/gob/builder/action.go:235.27,237.3 1 0
github.com/kcmvp/gob/builder/action.go:239.95,240.16 1 0
github.com/kcmvp/gob/builder/action.go:243.3,243.33 1 0
github.com/kcmvp/gob/builder/action.go:251.3,251.13 1 0
github.com/kcmvp/gob/builder/action.go:240.16,242.4 1 0
github.com/kcmvp/gob/builder/action.go:243.33,244.38 1 0
github.com/kcmvp/gob/builder/action.go:244.38,245.113 1 0
github.com/kcmvp/gob/builder/action.go:245.113,248.6 2 0
github.com/kcmvp/gob/builder/action.go:253.16,255.3 1 0
github.com/kcmvp/gob/boot/installer.go:38.42,40.2 1 1
github.com/kcmvp/gob/boot/installer.go:42.49,44.2 1 1
github.com/kcmvp/gob/boot/installer.go:46.60,48.2 1 0
github.com/kcmvp/gob/boot/installer.go:50.36,52.2 1 1
github.com/kcmvp/gob/boot/installer.go:56.76,63.2 1 1
github.com/kcmvp/gob/boot/installer.go:65.43,68.15 3 1
github.com/kcmvp/gob/boot/installer.go:71.2,71.96 1 1
github.com/kcmvp/gob/boot/installer.go:79.2,79.16 1 1
github.com/kcmvp/gob/boot/installer.go:82.2,82.64 1 1
github.com/kcmvp/gob/boot/installer.go:86.2,86.56 1 1
github.com/kcmvp/gob/boot/installer.go:89.2,89.19 1 1
github.com/kcmvp/gob/boot/installer.go:92.2,92.17 1 1
github.com/kcmvp/gob/boot/installer.go:68.15,70.3 1 0
github.com/kcmvp/gob/boot/installer.go:71.96,72.71 1 1
github.com/kcmvp/gob/boot/installer.go:77.3,77.13 1 1
github.com/kcmvp/gob/boot/installer.go:72.71,76.4 3 1
github.com/kcmvp/gob/boot/installer.go:79.16,81.3 1 0
github.com/kcmvp/gob/boot/installer.go:82.64,84.3 1 1
github.com/kcmvp/gob/boot/installer.go:86.56,88.3 1 1
github.com/kcmvp/gob/boot/installer.go:89.19,91.3 1 1
github.com/kcmvp/gob/boot/installer.go:95.59,99.24 4 1
github.com/kcmvp/gob/boot/installer.go:104.2,108.16 5 0
github.com/kcmvp/gob/boot/installer.go:120.2,120.17 1 0
github.com/kcmvp/gob/boot/installer.go:99.24,100.15 1 1
github.com/kcmvp/gob/boot/installer.go:100.15,102.4 1 1
github.com/kcmvp/gob/boot/installer.go:108.16,112.3 3 0
github.com/kcmvp/gob/boot/installer.go:112.8,118.3 5 0
github.com/kcmvp/gob/boot/installer.go:123.52,126.70 3 1
github.com/kcmvp/gob/boot/installer.go:129.2,130.37 2 1
github.com/kcmvp/gob/boot/installer.go:133.2,133.128 1 1
github.com/kcmvp/gob/boot/installer.go:126.70,128.3 1 1
github.com/kcmvp/gob/boot/installer.go:130.37,132.3 1 0
github.com/kcmvp/gob/boot/installer.go:133.128,134.42 1 0
github.com/kcmvp/gob/boot/installer.go:134.42,135.42 1 0
github.com/kcmvp/gob/boot/installer.go:135.42,137.5 1 0
github.com/kcmvp/gob/boot/installer.go:139.8,139.41 1 1
github.com/kcmvp/gob/boot/installer.go:139.41,141.3 1 0
github.com/kcmvp/gob/cmd/root.go:26.67,28.17 2 0
github.com/kcmvp/gob/cmd/root.go:31.3,31.13 1 0
github.com/kcmvp/gob/cmd/root.go:28.17,30.4 1 0
github.com/kcmvp/gob/cmd/root.go:37.16,39.52 2 0
github.com/kcmvp/gob/cmd/root.go:39.52,41.3 1 0
github.com/kcmvp/gob/cmd/root.go:44.13,46.2 1 1
github.com/kcmvp/gob/cmd/setup.go:14.48,15.3 0 0
github.com/kcmvp/gob/cmd/setup.go:18.13,20.2 1 1
github.com/kcmvp/gob/cmd/setup_builder.go:17.54,20.3 2 0
github.com/kcmvp/gob/cmd/setup_builder.go:23.13,25.2 1 1
github.com/kcmvp/gob/builder/githook.go:21.51,24.49 3 1
github.com/kcmvp/gob/builder/githook.go:27.2,27.30 1 1
github.com/kcmvp/gob/builder/githook.go:44.2,44.12 1 1
github.com/kcmvp/gob/builder/githook.go:24.49,26.3 1 0
github.com/kcmvp/gob/builder/githook.go:27.30,31.40 3 1
github.com/kcmvp/gob/builder/githook.go:38.3,38.89 1 1
github.com/kcmvp/gob/builder/githook.go:31.40,32.104 1 0
github.com/kcmvp/gob/builder/githook.go:32.104,34.5 1 0
github.com/kcmvp/gob/builder/githook.go:34.10,36.5 1 0
github.com/kcmvp/gob/builder/githook.go:38.89,40.4 1 1
github.com/kcmvp/gob/builder/githook.go:40.9,42.4 1 0
github.com/kcmvp/gob/builder/githook.go:47.51,51.16 4 1
github.com/kcmvp/gob/builder/githook.go:56.2,56.12 1 1
github.com/kcmvp/gob/builder/githook.go:51.16,53.3 1 0
github.com/kcmvp/gob/builder/githook.go:53.8,53.40 1 1
github.com/kcmvp/gob/builder/githook.go:53.40,55.3 1 1
github.com/kcmvp/gob/builder/githook.go:85.60,90.47 5 0
github.com/kcmvp/gob/builder/githook.go:90.47,92.3 1 0
github.com/kcmvp/gob/builder/report.go:37.69,39.16 2 1
github.com/kcmvp/gob/builder/report.go:42.2,43.16 2 1
github.com/kcmvp/gob/builder/report.go:46.2,46.12 1 1
github.com/kcmvp/gob/builder/report.go:39.16,41.3 1 0
github.com/kcmvp/gob/builder/report.go:43.16,45.3 1 0
github.com/kcmvp/gob/boot/command.go:26.38,28.2 1 1
github.com/kcmvp/gob/boot/command.go:30.40,32.2 1 1
github.com/kcmvp/gob/boot/command.go:34.40,36.2 1 0
github.com/kcmvp/gob/boot/command.go:38.47,39.56 1 0
github.com/kcmvp/gob/boot/command.go:39.56,41.3 1 0
github.com/kcmvp/gob/boot/command.go:44.46,55.2 2 1
github.com/kcmvp/gob/boot/templ.go:14.87,16.11 2 1
github.com/kcmvp/gob/boot/templ.go:19.2,22.69 4 1
github.com/kcmvp/gob/boot/templ.go:36.2,36.12 1 1
github.com/kcmvp/gob/boot/templ.go:16.11,18.3 1 1
github.com/kcmvp/gob/boot/templ.go:22.69,24.64 2 1
github.com/kcmvp/gob/boot/templ.go:24.64,26.4 1 0
github.com/kcmvp/gob/boot/templ.go:26.9,27.44 1 1
github.com/kcmvp/gob/boot/templ.go:27.44,29.5 1 0
github.com/kcmvp/gob/boot/templ.go:31.8,31.50 1 1
github.com/kcmvp/gob/boot/templ.go:31.50,35.3 2 1
github.com/kcmvp/gob/cmd/setup_githook.go:17.54,20.3 2 0
github.com/kcmvp/gob/cmd/setup_githook.go:23.13,25.2 1 1
github.com/kcmvp/gob/main.go:8.13,10.2 1 0
github.com/kcmvp/gob/builder/options.go:20.35,26.2 1 1
github.com/kcmvp/gob/cmd/run.go:26.54,28.17 2 0
github.com/kcmvp/gob/cmd/run.go:31.3,31.13 1 0
github.com/kcmvp/gob/cmd/run.go:28.17,30.4 1 0
github.com/kcmvp/gob/cmd/run.go:33.54,42.3 8 0
github.com/kcmvp/gob/cmd/run.go:45.13,54.2 7 1
github.com/kcmvp/gob/builder/builder.go:23.34,24.90 1 1
github.com/kcmvp/gob/builder/builder.go:24.90,26.3 1 1
github.com/kcmvp/gob/builder/builder.go:29.28,30.17 1 1
github.com/kcmvp/gob/builder/builder.go:36.2,36.17 1 1
github.com/kcmvp/gob/builder/builder.go:30.17,35.3 1 1
github.com/kcmvp/gob/builder/builder.go:39.52,53.2 1 1
github.com/kcmvp/gob/builder/lint_data.go:21.110,24.16 3 1
github.com/kcmvp/gob/builder/lint_data.go:27.2,28.16 2 1
github.com/kcmvp/gob/builder/lint_data.go:31.2,36.80 5 1
github.com/kcmvp/gob/builder/lint_data.go:52.2,53.30 2 1
github.com/kcmvp/gob/builder/lint_data.go:57.2,59.46 3 1
github.com/kcmvp/gob/builder/lint_data.go:92.2,93.12 2 1
github.com/kcmvp/gob/builder/lint_data.go:24.16,26.3 1 0
github.com/kcmvp/gob/builder/lint_data.go:28.16,30.3 1 0
github.com/kcmvp/gob/builder/lint_data.go:36.80,42.22 6 1
github.com/kcmvp/gob/builder/lint_data.go:45.3,49.4 1 1
github.com/kcmvp/gob/builder/lint_data.go:42.22,44.4 1 1
github.com/kcmvp/gob/builder/lint_data.go:53.30,55.3 1 0
github.com/kcmvp/gob/builder/lint_data.go:59.46,61.59 2 1
github.com/kcmvp/gob/builder/lint_data.go:64.3,64.10 1 1
github.com/kcmvp/gob/builder/lint_data.go:71.3,74.82 2 1
github.com/kcmvp/gob/builder/lint_data.go:77.3,77.50 1 1
github.com/kcmvp/gob/builder/lint_data.go:61.59,63.4 1 1
github.com/kcmvp/gob/builder/lint_data.go:64.10,70.4 2 1
github.com/kcmvp/gob/builder/lint_data.go:74.82,76.4 1 1
github.com/kcmvp/gob/builder/lint_data.go:77.50,79.75 2 1
github.com/kcmvp/gob/builder/lint_data.go:82.4,82.11 1 1
github.com/kcmvp/gob/builder/lint_data.go:89.4,89.33 1 1
github.com/kcmvp/gob/builder/lint_data.go:79.75,81.5 1 1
github.com/kcmvp/gob/builder/lint_data.go:82.11,88.5 2 1
github.com/kcmvp/gob/builder/lint_data.go:96.93,98.19 2 1
github.com/kcmvp/gob/builder/lint_data.go:112.2,113.27 2 1
github.com/kcmvp/gob/builder/lint_data.go:126.2,126.17 1 1
github.com/kcmvp/gob/builder/lint_data.go:99.11,100.78 1 1
github.com/kcmvp/gob/builder/lint_data.go:103.12,104.78 1 1
github.com/kcmvp/gob/builder/lint_data.go:107.10,110.4 1 1
github.com/kcmvp/gob/builder/lint_data.go:100.78,102.4 1 1
github.com/kcmvp/gob/builder/lint_data.go:104.78,106.4 1 1
github.com/kcmvp/gob/builder/lint_data.go:113.27,118.81 2 1
github.com/kcmvp/gob/builder/lint_data.go:121.3,121.37 1 1
github.com/kcmvp/gob/builder/lint_data.go:124.3,124.22 1 1
github.com/kcmvp/gob/builder/lint_data.go:118.81,120.4 1 1
github.com/kcmvp/gob/builder/lint_data.go:121.37,123.4 1 1
github.com/kcmvp/gob/builder/linter.go:45.26,49.2 1 1
github.com/kcmvp/gob/builder/linter.go:51.56,55.16 4 1
github.com/kcmvp/gob/builder/linter.go:60.2,60.22 1 1
github.com/kcmvp/gob/builder/linter.go:55.16,57.3 1 1
github.com/kcmvp/gob/builder/linter.go:57.8,59.3 1 0
github.com/kcmvp/gob/builder/linter.go:64.97,66.18 2 1
github.com/kcmvp/gob/builder/linter.go:69.2,70.16 2 1
github.com/kcmvp/gob/builder/linter.go:73.2,76.17 4 1
github.com/kcmvp/gob/builder/linter.go:82.2,87.16 6 1
github.com/kcmvp/gob/builder/linter.go:90.2,91.16 2 1
github.com/kcmvp/gob/builder/linter.go:94.2,95.16 2 1
github.com/kcmvp/gob/builder/linter.go:99.2,102.16 4 1
github.com/kcmvp/gob/builder/linter.go:105.2,105.16 1 1
github.com/kcmvp/gob/builder/linter.go:115.2,118.16 4 1
github.com/kcmvp/gob/builder/linter.go:121.2,132.26 9 1
github.com/kcmvp/gob/builder/linter.go:143.2,144.16 2 1
github.com/kcmvp/gob/builder/linter.go:148.2,151.16 4 1
github.com/kcmvp/gob/builder/linter.go:154.2,155.16 2 1
github.com/kcmvp/gob/builder/linter.go:158.2,159.16 2 1
github.com/kcmvp/gob/builder/linter.go:168.2,168.12 1 1
github.com/kcmvp/gob/builder/linter.go:66.18,68.3 1 0
github.com/kcmvp/gob/builder/linter.go:70.16,72.3 1 0
github.com/kcmvp/gob/builder/linter.go:76.17,78.3 1 1
github.com/kcmvp/gob/builder/linter.go:78.8,81.3 1 1
github.com/kcmvp/gob/builder/linter.go:87.16,89.3 1 0
github.com/kcmvp/gob/builder/linter.go:91.16,93.3 1 0
github.com/kcmvp/gob/builder/linter.go:95.16,97.3 1 0
github.com/kcmvp/gob/builder/linter.go:102.16,104.3 1 0
github.com/kcmvp/gob/builder/linter.go:105.16,108.17 3 1
github.com/kcmvp/gob/builder/linter.go:111.3,111.23 1 1
github.com/kcmvp/gob/builder/linter.go:108.17,110.4 1 0
github.com/kcmvp/gob/builder/linter.go:118.16,120.3 1 0
github.com/kcmvp/gob/builder/linter.go:132.26,134.4 1 1
github.com/kcmvp/gob/builder/linter.go:135.42,137.24 2 1
github.com/kcmvp/gob/builder/linter.go:140.4,140.52 1 1
github.com/kcmvp/gob/builder/linter.go:137.24,139.5 1 1
github.com/kcmvp/gob/builder/linter.go:144.16,146.3 1 0
github.com/kcmvp/gob/builder/linter.go:151.16,153.3 1 0
github.com/kcmvp/gob/builder/linter.go:155.16,157.3 1 0
github.com/kcmvp/gob/builder/linter.go:159.16,162.18 3 1
github.com/kcmvp/gob/builder/linter.go:162.18,164.4 1 0
github.com/kcmvp/gob/builder/linter.go:165.8,167.3 1 1
