mode: set
github.com/kcmvp/gob/internal/hook.go:20.38,26.2 1 1
github.com/kcmvp/gob/internal/hook.go:34.43,38.2 3 1
github.com/kcmvp/gob/internal/hook.go:45.50,47.65 2 1
github.com/kcmvp/gob/internal/hook.go:47.65,49.30 2 1
github.com/kcmvp/gob/internal/hook.go:49.30,51.4 1 1
github.com/kcmvp/gob/internal/hook.go:51.9,52.61 1 1
github.com/kcmvp/gob/internal/hook.go:52.61,54.5 1 1
github.com/kcmvp/gob/internal/hook.go:56.3,56.50 1 1
github.com/kcmvp/gob/internal/hook.go:61.48,62.11 1 1
github.com/kcmvp/gob/internal/hook.go:62.11,68.51 2 1
github.com/kcmvp/gob/internal/hook.go:68.51,70.4 1 0
github.com/kcmvp/gob/internal/hook.go:72.2,72.14 1 1
github.com/kcmvp/gob/internal/hook.go:72.14,75.3 2 0
github.com/kcmvp/gob/internal/hook.go:76.2,79.32 4 1
github.com/kcmvp/gob/internal/hook.go:79.32,81.3 1 1
github.com/kcmvp/gob/internal/hook.go:82.2,82.32 1 1
github.com/kcmvp/gob/internal/hook.go:82.32,84.3 1 1
github.com/kcmvp/gob/internal/hook.go:85.2,85.30 1 1
github.com/kcmvp/gob/internal/hook.go:85.30,87.3 1 1
github.com/kcmvp/gob/internal/hook.go:88.2,88.43 1 1
github.com/kcmvp/gob/internal/hook.go:88.43,90.3 1 0
github.com/kcmvp/gob/internal/hook.go:91.2,91.42 1 1
github.com/kcmvp/gob/internal/hook.go:91.42,92.40 1 1
github.com/kcmvp/gob/internal/hook.go:92.40,100.4 7 1
github.com/kcmvp/gob/internal/hook.go:100.9,102.4 1 0
github.com/kcmvp/gob/internal/multiple_writer.go:19.56,22.45 2 1
github.com/kcmvp/gob/internal/multiple_writer.go:22.45,25.3 2 1
github.com/kcmvp/gob/internal/multiple_writer.go:25.8,27.46 2 0
github.com/kcmvp/gob/internal/multiple_writer.go:27.46,29.4 1 0
github.com/kcmvp/gob/internal/multiple_writer.go:29.9,31.4 1 0
github.com/kcmvp/gob/internal/multiple_writer.go:33.2,36.16 3 1
github.com/kcmvp/gob/internal/multiple_writer.go:36.16,38.3 1 0
github.com/kcmvp/gob/internal/multiple_writer.go:39.2,46.12 5 1
github.com/kcmvp/gob/internal/multiple_writer.go:46.12,47.22 1 1
github.com/kcmvp/gob/internal/multiple_writer.go:47.22,49.21 2 1
github.com/kcmvp/gob/internal/multiple_writer.go:49.21,51.5 1 1
github.com/kcmvp/gob/internal/multiple_writer.go:53.3,54.38 2 1
github.com/kcmvp/gob/internal/multiple_writer.go:54.38,56.4 1 0
github.com/kcmvp/gob/internal/multiple_writer.go:58.2,61.11 4 1
github.com/kcmvp/gob/internal/multiple_writer.go:61.11,62.10 1 1
github.com/kcmvp/gob/internal/multiple_writer.go:63.21,67.43 4 1
github.com/kcmvp/gob/internal/multiple_writer.go:67.43,70.5 2 1
github.com/kcmvp/gob/internal/multiple_writer.go:71.4,72.18 2 1
github.com/kcmvp/gob/internal/multiple_writer.go:72.18,74.10 2 0
github.com/kcmvp/gob/internal/multiple_writer.go:76.19,77.18 1 1
github.com/kcmvp/gob/internal/multiple_writer.go:77.18,79.5 1 1
github.com/kcmvp/gob/internal/multiple_writer.go:80.4,80.23 1 1
github.com/kcmvp/gob/internal/multiple_writer.go:83.2,86.19 4 1
github.com/kcmvp/gob/internal/plugin.go:29.36,31.33 2 1
github.com/kcmvp/gob/internal/plugin.go:31.33,33.3 1 1
github.com/kcmvp/gob/internal/plugin.go:34.2,37.22 4 1
github.com/kcmvp/gob/internal/plugin.go:37.22,39.3 1 1
github.com/kcmvp/gob/internal/plugin.go:40.2,42.51 3 1
github.com/kcmvp/gob/internal/plugin.go:42.51,44.20 2 1
github.com/kcmvp/gob/internal/plugin.go:44.20,46.4 1 1
github.com/kcmvp/gob/internal/plugin.go:48.2,49.32 2 1
github.com/kcmvp/gob/internal/plugin.go:49.32,51.17 2 1
github.com/kcmvp/gob/internal/plugin.go:51.17,53.4 1 1
github.com/kcmvp/gob/internal/plugin.go:54.3,54.83 1 1
github.com/kcmvp/gob/internal/plugin.go:56.2,56.12 1 1
github.com/kcmvp/gob/internal/plugin.go:59.38,61.2 1 1
github.com/kcmvp/gob/internal/plugin.go:63.56,70.51 3 1
github.com/kcmvp/gob/internal/plugin.go:70.51,73.3 2 0
github.com/kcmvp/gob/internal/plugin.go:74.2,74.39 1 1
github.com/kcmvp/gob/internal/plugin.go:77.63,82.38 2 1
github.com/kcmvp/gob/internal/plugin.go:82.38,84.3 1 1
github.com/kcmvp/gob/internal/plugin.go:85.2,85.20 1 1
github.com/kcmvp/gob/internal/plugin.go:88.47,90.2 1 0
github.com/kcmvp/gob/internal/plugin.go:92.39,94.2 1 1
github.com/kcmvp/gob/internal/plugin.go:96.36,98.2 1 1
github.com/kcmvp/gob/internal/plugin.go:100.40,102.2 1 1
github.com/kcmvp/gob/internal/plugin.go:104.38,105.41 1 1
github.com/kcmvp/gob/internal/plugin.go:105.41,107.3 1 0
github.com/kcmvp/gob/internal/plugin.go:111.48,113.75 2 1
github.com/kcmvp/gob/internal/plugin.go:113.75,115.3 1 1
github.com/kcmvp/gob/internal/plugin.go:116.2,120.65 5 1
github.com/kcmvp/gob/internal/plugin.go:120.65,121.41 1 1
github.com/kcmvp/gob/internal/plugin.go:121.41,123.4 1 1
github.com/kcmvp/gob/internal/plugin.go:124.3,124.14 1 1
github.com/kcmvp/gob/internal/plugin.go:126.2,126.34 1 1
github.com/kcmvp/gob/internal/plugin.go:126.34,128.3 1 0
github.com/kcmvp/gob/internal/plugin.go:129.2,129.100 1 1
github.com/kcmvp/gob/internal/plugin.go:129.100,130.17 1 1
github.com/kcmvp/gob/internal/plugin.go:130.17,132.4 1 0
github.com/kcmvp/gob/internal/plugin.go:133.3,133.109 1 1
github.com/kcmvp/gob/internal/plugin.go:133.109,135.18 2 1
github.com/kcmvp/gob/internal/plugin.go:135.18,137.5 1 0
github.com/kcmvp/gob/internal/plugin.go:138.4,138.61 1 1
github.com/kcmvp/gob/internal/plugin.go:139.9,142.4 1 1
github.com/kcmvp/gob/internal/plugin.go:143.3,143.13 1 1
github.com/kcmvp/gob/internal/plugin.go:147.38,148.44 1 1
github.com/kcmvp/gob/internal/plugin.go:148.44,150.3 1 0
github.com/kcmvp/gob/internal/plugin.go:152.2,153.65 2 1
github.com/kcmvp/gob/internal/plugin.go:153.65,155.3 1 1
github.com/kcmvp/gob/internal/plugin.go:156.2,156.39 1 0
github.com/kcmvp/gob/internal/plugin.go:156.39,158.3 1 0
github.com/kcmvp/gob/internal/plugin.go:159.2,159.12 1 0
github.com/kcmvp/gob/internal/progress.go:10.45,15.85 2 1
github.com/kcmvp/gob/internal/progress.go:15.85,17.4 1 1
github.com/kcmvp/gob/internal/project.go:38.34,44.6 6 1
github.com/kcmvp/gob/internal/project.go:44.6,48.20 3 1
github.com/kcmvp/gob/internal/project.go:48.20,50.73 2 1
github.com/kcmvp/gob/internal/project.go:50.73,52.5 1 1
github.com/kcmvp/gob/internal/project.go:53.4,56.9 4 1
github.com/kcmvp/gob/internal/project.go:59.2,59.19 1 1
github.com/kcmvp/gob/internal/project.go:62.47,66.8 4 1
github.com/kcmvp/gob/internal/project.go:66.8,68.3 1 1
github.com/kcmvp/gob/internal/project.go:69.2,73.41 4 1
github.com/kcmvp/gob/internal/project.go:73.41,75.47 2 1
github.com/kcmvp/gob/internal/project.go:75.47,77.4 1 0
github.com/kcmvp/gob/internal/project.go:79.2,80.10 2 1
github.com/kcmvp/gob/internal/project.go:83.63,85.16 2 1
github.com/kcmvp/gob/internal/project.go:85.16,87.3 1 0
github.com/kcmvp/gob/internal/project.go:88.2,88.74 1 1
github.com/kcmvp/gob/internal/project.go:91.42,92.31 1 1
github.com/kcmvp/gob/internal/project.go:92.31,94.42 2 1
github.com/kcmvp/gob/internal/project.go:94.42,96.4 1 1
github.com/kcmvp/gob/internal/project.go:97.3,97.14 1 1
github.com/kcmvp/gob/internal/project.go:99.2,99.60 1 0
github.com/kcmvp/gob/internal/project.go:102.13,105.44 3 1
github.com/kcmvp/gob/internal/project.go:105.44,107.3 1 0
github.com/kcmvp/gob/internal/project.go:109.2,117.16 5 1
github.com/kcmvp/gob/internal/project.go:117.16,119.3 1 0
github.com/kcmvp/gob/internal/project.go:120.2,122.21 3 1
github.com/kcmvp/gob/internal/project.go:122.21,124.20 2 1
github.com/kcmvp/gob/internal/project.go:124.20,126.4 1 1
github.com/kcmvp/gob/internal/project.go:128.2,128.21 1 1
github.com/kcmvp/gob/internal/project.go:132.28,134.2 1 1
github.com/kcmvp/gob/internal/project.go:137.39,139.2 1 1
github.com/kcmvp/gob/internal/project.go:142.41,144.2 1 0
github.com/kcmvp/gob/internal/project.go:146.41,148.40 2 1
github.com/kcmvp/gob/internal/project.go:148.40,150.3 1 1
github.com/kcmvp/gob/internal/project.go:151.2,151.43 1 1
github.com/kcmvp/gob/internal/project.go:151.43,153.3 1 1
github.com/kcmvp/gob/internal/project.go:154.2,154.15 1 1
github.com/kcmvp/gob/internal/project.go:158.71,162.16 4 1
github.com/kcmvp/gob/internal/project.go:162.16,164.3 1 0
github.com/kcmvp/gob/internal/project.go:165.2,167.21 3 1
github.com/kcmvp/gob/internal/project.go:167.21,169.20 2 1
github.com/kcmvp/gob/internal/project.go:169.20,171.4 1 1
github.com/kcmvp/gob/internal/project.go:173.2,173.37 1 1
github.com/kcmvp/gob/internal/project.go:173.37,175.3 1 0
github.com/kcmvp/gob/internal/project.go:176.2,176.18 1 1
github.com/kcmvp/gob/internal/project.go:179.46,183.43 4 1
github.com/kcmvp/gob/internal/project.go:183.43,184.79 1 1
github.com/kcmvp/gob/internal/project.go:184.79,185.18 1 1
github.com/kcmvp/gob/internal/project.go:185.18,187.5 1 0
github.com/kcmvp/gob/internal/project.go:188.4,188.32 1 1
github.com/kcmvp/gob/internal/project.go:188.32,190.5 1 1
github.com/kcmvp/gob/internal/project.go:191.4,191.99 1 1
github.com/kcmvp/gob/internal/project.go:191.99,193.5 1 1
github.com/kcmvp/gob/internal/project.go:194.4,195.18 2 1
github.com/kcmvp/gob/internal/project.go:195.18,197.5 1 0
github.com/kcmvp/gob/internal/project.go:198.4,200.23 3 1
github.com/kcmvp/gob/internal/project.go:200.23,202.29 2 1
github.com/kcmvp/gob/internal/project.go:202.29,205.6 2 1
github.com/kcmvp/gob/internal/project.go:207.4,207.24 1 0
github.com/kcmvp/gob/internal/project.go:210.2,210.18 1 1
github.com/kcmvp/gob/internal/project.go:213.44,214.55 1 1
github.com/kcmvp/gob/internal/project.go:214.55,216.64 2 1
github.com/kcmvp/gob/internal/project.go:216.64,219.70 3 1
github.com/kcmvp/gob/internal/project.go:219.70,221.5 1 0
github.com/kcmvp/gob/internal/project.go:222.4,222.40 1 1
github.com/kcmvp/gob/internal/project.go:222.40,224.5 1 0
github.com/kcmvp/gob/internal/project.go:225.4,225.17 1 1
github.com/kcmvp/gob/internal/project.go:227.8,229.3 1 0
github.com/kcmvp/gob/internal/project.go:232.52,233.30 1 1
github.com/kcmvp/gob/internal/project.go:233.30,238.51 1 0
github.com/kcmvp/gob/internal/project.go:238.51,240.4 1 0
github.com/kcmvp/gob/internal/project.go:241.3,241.53 1 0
github.com/kcmvp/gob/internal/project.go:241.53,244.4 2 0
github.com/kcmvp/gob/internal/project.go:245.3,245.38 1 0
github.com/kcmvp/gob/internal/project.go:247.2,247.44 1 1
github.com/kcmvp/gob/internal/project.go:247.44,249.3 1 0
github.com/kcmvp/gob/internal/project.go:252.53,254.2 1 1
github.com/kcmvp/gob/internal/project.go:256.36,258.2 1 1
github.com/kcmvp/gob/internal/project.go:260.19,263.2 2 1
github.com/kcmvp/gob/internal/project.go:267.23,268.90 1 1
github.com/kcmvp/gob/internal/project.go:268.90,271.17 3 1
github.com/kcmvp/gob/internal/project.go:271.17,273.4 1 0
github.com/kcmvp/gob/internal/project.go:274.3,276.80 3 1
github.com/kcmvp/gob/internal/project.go:276.80,281.4 2 1
github.com/kcmvp/gob/internal/project.go:281.6,283.4 1 1
github.com/kcmvp/gob/internal/project.go:284.3,284.103 1 0
github.com/kcmvp/gob/internal/project.go:284.103,286.4 1 0
github.com/kcmvp/gob/internal/project.go:288.2,288.23 1 0
github.com/kcmvp/gob/internal/project.go:291.31,294.2 2 1
github.com/kcmvp/gob/internal/project.go:296.22,297.36 1 1
github.com/kcmvp/gob/internal/project.go:297.36,301.3 3 1
github.com/kcmvp/gob/internal/project.go:302.2,302.50 1 0
github.com/kcmvp/gob/internal/project.go:306.21,308.2 1 1
github.com/kcmvp/gob/cmd/action.go:34.30,41.2 1 1
github.com/kcmvp/gob/cmd/action.go:43.30,47.2 1 1
github.com/kcmvp/gob/cmd/action.go:49.60,50.68 1 1
github.com/kcmvp/gob/cmd/action.go:50.68,52.3 1 1
github.com/kcmvp/gob/cmd/action.go:52.9,54.3 1 0
github.com/kcmvp/gob/cmd/action.go:55.2,55.12 1 1
github.com/kcmvp/gob/cmd/action.go:58.59,59.68 1 1
github.com/kcmvp/gob/cmd/action.go:59.68,61.3 1 1
github.com/kcmvp/gob/cmd/action.go:61.9,63.3 1 0
github.com/kcmvp/gob/cmd/action.go:64.2,64.12 1 1
github.com/kcmvp/gob/cmd/action.go:67.52,69.16 2 1
github.com/kcmvp/gob/cmd/action.go:69.16,71.3 1 0
github.com/kcmvp/gob/cmd/action.go:72.2,72.94 1 1
github.com/kcmvp/gob/cmd/action.go:72.94,74.3 1 0
github.com/kcmvp/gob/cmd/action.go:74.9,76.3 1 0
github.com/kcmvp/gob/cmd/action.go:76.8,76.75 1 1
github.com/kcmvp/gob/cmd/action.go:76.75,78.3 1 1
github.com/kcmvp/gob/cmd/action.go:78.9,80.3 1 1
github.com/kcmvp/gob/cmd/action.go:80.8,82.3 1 1
github.com/kcmvp/gob/cmd/action.go:83.2,83.16 1 1
github.com/kcmvp/gob/cmd/action.go:83.16,85.3 1 1
github.com/kcmvp/gob/cmd/action.go:86.2,86.12 1 0
github.com/kcmvp/gob/cmd/action.go:89.34,90.76 1 1
github.com/kcmvp/gob/cmd/action.go:90.76,92.3 1 1
github.com/kcmvp/gob/cmd/action.go:92.40,94.3 1 1
github.com/kcmvp/gob/cmd/action.go:95.2,95.80 1 1
github.com/kcmvp/gob/cmd/action.go:95.80,96.40 1 1
github.com/kcmvp/gob/cmd/action.go:96.40,98.4 1 1
github.com/kcmvp/gob/cmd/action.go:100.2,100.16 1 1
github.com/kcmvp/gob/cmd/action.go:103.55,105.61 2 1
github.com/kcmvp/gob/cmd/action.go:105.61,107.38 2 1
github.com/kcmvp/gob/cmd/action.go:107.38,109.4 1 0
github.com/kcmvp/gob/cmd/action.go:110.3,112.122 3 1
github.com/kcmvp/gob/cmd/action.go:112.122,114.4 1 0
github.com/kcmvp/gob/cmd/action.go:115.3,116.22 2 1
github.com/kcmvp/gob/cmd/action.go:118.2,118.18 1 1
github.com/kcmvp/gob/cmd/action.go:118.18,120.3 1 0
github.com/kcmvp/gob/cmd/action.go:121.2,121.12 1 1
github.com/kcmvp/gob/cmd/action.go:124.55,131.16 5 1
github.com/kcmvp/gob/cmd/action.go:131.16,133.3 1 0
github.com/kcmvp/gob/cmd/action.go:134.2,134.20 1 1
github.com/kcmvp/gob/cmd/action.go:134.20,136.3 1 0
github.com/kcmvp/gob/cmd/action.go:137.2,137.19 1 1
github.com/kcmvp/gob/cmd/action.go:137.19,139.3 1 0
github.com/kcmvp/gob/cmd/action.go:140.2,141.33 2 1
github.com/kcmvp/gob/cmd/action.go:141.33,143.3 1 0
github.com/kcmvp/gob/cmd/action.go:144.2,144.12 1 1
github.com/kcmvp/gob/cmd/action.go:147.57,151.2 3 0
github.com/kcmvp/gob/cmd/action.go:153.55,156.16 3 1
github.com/kcmvp/gob/cmd/action.go:156.16,157.177 1 0
github.com/kcmvp/gob/cmd/action.go:157.177,160.4 2 0
github.com/kcmvp/gob/cmd/action.go:160.9,162.4 1 0
github.com/kcmvp/gob/cmd/action.go:164.2,164.90 1 1
github.com/kcmvp/gob/cmd/action.go:167.56,169.42 2 1
github.com/kcmvp/gob/cmd/action.go:169.42,171.3 1 0
github.com/kcmvp/gob/cmd/action.go:172.2,173.40 2 1
github.com/kcmvp/gob/cmd/action.go:173.40,176.3 2 1
github.com/kcmvp/gob/cmd/action.go:177.2,178.12 2 1
github.com/kcmvp/gob/cmd/builder.go:27.54,28.42 1 1
github.com/kcmvp/gob/cmd/builder.go:28.42,30.4 1 1
github.com/kcmvp/gob/cmd/builder.go:31.3,31.58 1 1
github.com/kcmvp/gob/cmd/builder.go:31.58,33.4 1 1
github.com/kcmvp/gob/cmd/builder.go:34.3,34.13 1 1
github.com/kcmvp/gob/cmd/builder.go:36.60,38.3 1 1
github.com/kcmvp/gob/cmd/builder.go:39.54,40.37 1 0
github.com/kcmvp/gob/cmd/builder.go:40.37,41.44 1 0
github.com/kcmvp/gob/cmd/builder.go:41.44,43.5 1 0
github.com/kcmvp/gob/cmd/builder.go:45.3,45.13 1 0
github.com/kcmvp/gob/cmd/builder.go:49.22,51.16 2 1
github.com/kcmvp/gob/cmd/builder.go:51.16,53.3 1 0
github.com/kcmvp/gob/cmd/builder.go:54.2,54.48 1 1
github.com/kcmvp/gob/cmd/builder.go:54.48,56.3 1 0
github.com/kcmvp/gob/cmd/builder.go:57.2,58.54 2 1
github.com/kcmvp/gob/cmd/builder.go:58.54,60.3 1 1
github.com/kcmvp/gob/cmd/builder.go:61.2,61.12 1 0
github.com/kcmvp/gob/cmd/builder.go:64.13,66.76 2 1
github.com/kcmvp/gob/cmd/builder.go:66.76,67.42 1 0
github.com/kcmvp/gob/cmd/builder.go:67.42,69.4 1 0
github.com/kcmvp/gob/cmd/builder.go:71.2,74.116 4 1
github.com/kcmvp/gob/cmd/deps.go:24.96,29.21 5 1
github.com/kcmvp/gob/cmd/deps.go:29.21,31.41 2 1
github.com/kcmvp/gob/cmd/deps.go:31.41,33.4 1 1
github.com/kcmvp/gob/cmd/deps.go:33.9,33.44 1 1
github.com/kcmvp/gob/cmd/deps.go:33.44,35.4 1 1
github.com/kcmvp/gob/cmd/deps.go:36.3,37.29 2 1
github.com/kcmvp/gob/cmd/deps.go:37.29,43.4 5 1
github.com/kcmvp/gob/cmd/deps.go:44.3,44.54 1 1
github.com/kcmvp/gob/cmd/deps.go:46.2,46.45 1 1
github.com/kcmvp/gob/cmd/deps.go:50.43,53.16 3 1
github.com/kcmvp/gob/cmd/deps.go:53.16,55.3 1 0
github.com/kcmvp/gob/cmd/deps.go:56.2,56.77 1 1
github.com/kcmvp/gob/cmd/deps.go:56.77,58.3 1 0
github.com/kcmvp/gob/cmd/deps.go:60.2,60.80 1 1
github.com/kcmvp/gob/cmd/deps.go:60.80,62.3 1 0
github.com/kcmvp/gob/cmd/deps.go:64.2,65.16 2 1
github.com/kcmvp/gob/cmd/deps.go:65.16,67.3 1 0
github.com/kcmvp/gob/cmd/deps.go:68.2,69.112 2 1
github.com/kcmvp/gob/cmd/deps.go:69.112,71.3 1 1
github.com/kcmvp/gob/cmd/deps.go:73.2,75.21 3 1
github.com/kcmvp/gob/cmd/deps.go:75.21,78.36 3 1
github.com/kcmvp/gob/cmd/deps.go:78.36,79.46 1 1
github.com/kcmvp/gob/cmd/deps.go:79.46,81.5 1 1
github.com/kcmvp/gob/cmd/deps.go:85.2,85.37 1 1
github.com/kcmvp/gob/cmd/deps.go:85.37,87.3 1 0
github.com/kcmvp/gob/cmd/deps.go:89.2,90.42 2 1
github.com/kcmvp/gob/cmd/deps.go:90.42,91.24 1 1
github.com/kcmvp/gob/cmd/deps.go:91.24,92.64 1 1
github.com/kcmvp/gob/cmd/deps.go:92.64,94.5 1 1
github.com/kcmvp/gob/cmd/deps.go:94.27,96.5 1 1
github.com/kcmvp/gob/cmd/deps.go:97.4,101.18 5 1
github.com/kcmvp/gob/cmd/deps.go:101.18,103.5 1 0
github.com/kcmvp/gob/cmd/deps.go:104.4,105.18 2 1
github.com/kcmvp/gob/cmd/deps.go:105.18,107.5 1 0
github.com/kcmvp/gob/cmd/deps.go:108.4,108.90 1 1
github.com/kcmvp/gob/cmd/deps.go:108.90,109.93 1 1
github.com/kcmvp/gob/cmd/deps.go:109.93,111.6 1 1
github.com/kcmvp/gob/cmd/deps.go:113.4,113.28 1 1
github.com/kcmvp/gob/cmd/deps.go:113.28,115.5 1 1
github.com/kcmvp/gob/cmd/deps.go:118.2,118.18 1 1
github.com/kcmvp/gob/cmd/deps.go:127.54,129.17 2 0
github.com/kcmvp/gob/cmd/deps.go:129.17,131.4 1 0
github.com/kcmvp/gob/cmd/deps.go:132.3,136.13 5 0
github.com/kcmvp/gob/cmd/deps.go:140.13,142.2 1 1
github.com/kcmvp/gob/cmd/exec.go:23.80,24.19 1 1
github.com/kcmvp/gob/cmd/exec.go:24.19,26.3 1 1
github.com/kcmvp/gob/cmd/exec.go:27.2,32.35 6 1
github.com/kcmvp/gob/cmd/exec.go:32.35,34.3 1 1
github.com/kcmvp/gob/cmd/exec.go:35.2,35.12 1 1
github.com/kcmvp/gob/cmd/exec.go:38.31,39.96 1 1
github.com/kcmvp/gob/cmd/exec.go:39.96,41.3 1 1
github.com/kcmvp/gob/cmd/exec.go:44.34,45.29 1 0
github.com/kcmvp/gob/cmd/exec.go:45.29,47.22 2 0
github.com/kcmvp/gob/cmd/exec.go:47.22,49.82 2 0
github.com/kcmvp/gob/cmd/exec.go:49.82,51.5 1 0
github.com/kcmvp/gob/cmd/exec.go:54.2,54.14 1 0
github.com/kcmvp/gob/cmd/exec.go:57.81,58.44 1 1
github.com/kcmvp/gob/cmd/exec.go:58.44,61.3 2 1
github.com/kcmvp/gob/cmd/exec.go:61.8,62.35 1 0
github.com/kcmvp/gob/cmd/exec.go:62.35,64.4 1 0
github.com/kcmvp/gob/cmd/exec.go:66.3,66.41 1 0
github.com/kcmvp/gob/cmd/exec.go:66.41,67.44 1 0
github.com/kcmvp/gob/cmd/exec.go:67.44,69.5 1 0
github.com/kcmvp/gob/cmd/exec.go:71.3,71.13 1 0
github.com/kcmvp/gob/cmd/exec.go:80.54,81.58 1 1
github.com/kcmvp/gob/cmd/exec.go:81.58,83.4 1 1
github.com/kcmvp/gob/cmd/exec.go:84.3,84.58 1 1
github.com/kcmvp/gob/cmd/exec.go:84.58,86.4 1 1
github.com/kcmvp/gob/cmd/exec.go:87.3,87.45 1 1
github.com/kcmvp/gob/cmd/exec.go:87.45,89.4 1 1
github.com/kcmvp/gob/cmd/exec.go:90.3,90.13 1 1
github.com/kcmvp/gob/cmd/exec.go:92.54,93.98 1 0
github.com/kcmvp/gob/cmd/exec.go:93.98,95.4 1 0
github.com/kcmvp/gob/cmd/exec.go:96.3,96.37 1 0
github.com/kcmvp/gob/cmd/exec.go:100.13,102.2 1 1
github.com/kcmvp/gob/cmd/initializer.go:19.41,22.16 3 1
github.com/kcmvp/gob/cmd/initializer.go:22.16,24.64 2 1
github.com/kcmvp/gob/cmd/initializer.go:24.64,26.4 1 0
github.com/kcmvp/gob/cmd/initializer.go:28.2,28.16 1 1
github.com/kcmvp/gob/cmd/initializer.go:31.52,34.71 2 1
github.com/kcmvp/gob/cmd/initializer.go:34.71,36.29 2 1
github.com/kcmvp/gob/cmd/initializer.go:36.29,37.97 1 1
github.com/kcmvp/gob/cmd/initializer.go:37.97,38.95 1 0
github.com/kcmvp/gob/cmd/initializer.go:38.95,39.119 1 0
github.com/kcmvp/gob/cmd/initializer.go:39.119,41.7 1 0
github.com/kcmvp/gob/cmd/initializer.go:42.11,44.6 1 0
github.com/kcmvp/gob/cmd/initializer.go:48.2,48.40 1 1
github.com/kcmvp/gob/cmd/initializer.go:59.13,61.2 1 1
github.com/kcmvp/gob/cmd/plugin.go:25.54,27.16 2 1
github.com/kcmvp/gob/cmd/plugin.go:27.16,29.3 1 0
github.com/kcmvp/gob/cmd/plugin.go:30.2,31.12 2 1
github.com/kcmvp/gob/cmd/plugin.go:34.48,46.76 12 1
github.com/kcmvp/gob/cmd/plugin.go:46.76,48.3 1 0
github.com/kcmvp/gob/cmd/plugin.go:49.2,51.12 3 1
github.com/kcmvp/gob/cmd/plugin.go:72.54,73.58 1 1
github.com/kcmvp/gob/cmd/plugin.go:73.58,75.4 1 1
github.com/kcmvp/gob/cmd/plugin.go:76.3,76.75 1 1
github.com/kcmvp/gob/cmd/plugin.go:76.75,78.4 1 1
github.com/kcmvp/gob/cmd/plugin.go:78.16,80.4 1 1
github.com/kcmvp/gob/cmd/plugin.go:81.3,81.82 1 1
github.com/kcmvp/gob/cmd/plugin.go:81.82,83.4 1 1
github.com/kcmvp/gob/cmd/plugin.go:84.3,84.13 1 1
github.com/kcmvp/gob/cmd/plugin.go:86.69,88.3 1 1
github.com/kcmvp/gob/cmd/plugin.go:89.54,90.72 1 0
github.com/kcmvp/gob/cmd/plugin.go:90.72,92.4 1 0
github.com/kcmvp/gob/cmd/plugin.go:93.3,93.39 1 0
github.com/kcmvp/gob/cmd/plugin.go:97.13,103.2 3 1
github.com/kcmvp/gob/cmd/setup.go:17.29,18.67 1 1
github.com/kcmvp/gob/cmd/setup.go:18.67,20.4 1 1
github.com/kcmvp/gob/cmd/setup.go:23.47,24.65 1 1
github.com/kcmvp/gob/cmd/setup.go:24.65,26.4 1 1
github.com/kcmvp/gob/cmd/setup.go:27.3,27.29 1 1
github.com/kcmvp/gob/cmd/setup.go:31.13,33.2 1 1
